info: ::1 - - [11/Feb/2025:18:35:45 +0000] "POST /api/v1/users/login HTTP/1.1" 200 553 "-" "PostmanRuntime/7.43.0"

info: ::1 - - [11/Feb/2025:18:36:45 +0000] "GET /api/v1/users/login HTTP/1.1" 404 47 "-" "PostmanRuntime/7.43.0"

info: ::1 - - [11/Feb/2025:18:39:59 +0000] "GET /api/v1/users/login HTTP/1.1" 404 47 "-" "PostmanRuntime/7.43.0"

info: ::1 - - [11/Feb/2025:18:40:06 +0000] "POST /api/v1/users/login HTTP/1.1" 200 553 "-" "PostmanRuntime/7.43.0"

info: ::1 - - [11/Feb/2025:18:40:41 +0000] "GET /api/v1/users/login HTTP/1.1" 404 47 "-" "PostmanRuntime/7.43.0"

info: ::1 - - [11/Feb/2025:18:41:49 +0000] "GET /api/v1/users HTTP/1.1" 404 47 "-" "PostmanRuntime/7.43.0"

info: ::1 - - [11/Feb/2025:18:42:00 +0000] "POST /api/v1/users/login HTTP/1.1" 200 553 "-" "PostmanRuntime/7.43.0"

info: ::1 - - [11/Feb/2025:18:42:41 +0000] "GET /api/v1/users HTTP/1.1" 404 47 "-" "PostmanRuntime/7.43.0"

info: ::1 - - [11/Feb/2025:18:47:55 +0000] "POST /api/v1/users/login HTTP/1.1" 200 553 "-" "PostmanRuntime/7.43.0"

info: ::1 - - [11/Feb/2025:18:48:24 +0000] "GET /api/v1/users HTTP/1.1" 404 47 "-" "PostmanRuntime/7.43.0"

info: ::1 - - [11/Feb/2025:18:48:28 +0000] "GET /api/v1/users/login HTTP/1.1" 404 47 "-" "PostmanRuntime/7.43.0"

info: ::1 - - [12/Feb/2025:04:21:41 +0000] "POST /api/v1/users/login HTTP/1.1" 200 553 "-" "PostmanRuntime/7.43.0"

info: ::1 - - [12/Feb/2025:04:37:17 +0000] "PUT /api/v1/users/login HTTP/1.1" 404 47 "-" "PostmanRuntime/7.43.0"

info: ::1 - - [12/Feb/2025:04:37:24 +0000] "POST /api/v1/users/login HTTP/1.1" 200 553 "-" "PostmanRuntime/7.43.0"

info: ::1 - - [12/Feb/2025:04:38:07 +0000] "GET /api/v1/users HTTP/1.1" 404 47 "-" "PostmanRuntime/7.43.0"

info: ::1 - - [12/Feb/2025:04:42:35 +0000] "GET /api/v1/users HTTP/1.1" 200 1265 "-" "PostmanRuntime/7.43.0"

info: ::1 - - [12/Feb/2025:05:23:20 +0000] "POST /api/v1/users/login HTTP/1.1" 200 553 "-" "PostmanRuntime/7.43.0"

info: ::1 - - [12/Feb/2025:05:24:09 +0000] "POST /api/v1/note HTTP/1.1" 404 47 "-" "PostmanRuntime/7.43.0"

info: ::1 - - [12/Feb/2025:05:24:37 +0000] "POST /api/v1/note HTTP/1.1" 404 47 "-" "PostmanRuntime/7.43.0"

info: ::1 - - [12/Feb/2025:05:30:02 +0000] "POST /api/v1/users/login HTTP/1.1" 200 553 "-" "PostmanRuntime/7.43.0"

info: ::1 - - [12/Feb/2025:05:34:20 +0000] "POST /api/v1/notes HTTP/1.1" 201 286 "-" "PostmanRuntime/7.43.0"

info: ::1 - - [12/Feb/2025:05:39:31 +0000] "POST /api/v1/users/login HTTP/1.1" 200 553 "-" "PostmanRuntime/7.43.0"

info: ::1 - - [12/Feb/2025:05:44:00 +0000] "PUT /api/v1/notes/67ab0e2f5ec9e2d3fad7f1c8 HTTP/1.1" 500 60 "-" "PostmanRuntime/7.43.0"

info: ::1 - - [12/Feb/2025:05:47:41 +0000] "PUT /api/v1/notes/67ab0e2f5ec9e2d3fad7f1c8 HTTP/1.1" 500 60 "-" "PostmanRuntime/7.43.0"

info: ::1 - - [12/Feb/2025:05:47:58 +0000] "PUT /api/v1/users/login HTTP/1.1" 404 47 "-" "PostmanRuntime/7.43.0"

info: ::1 - - [12/Feb/2025:05:48:09 +0000] "PUT /api/v1/users/login HTTP/1.1" 404 47 "-" "PostmanRuntime/7.43.0"

info: ::1 - - [12/Feb/2025:05:49:07 +0000] "PUT /api/v1/users/notes/67ab0e2f5ec9e2d3fad7f1c8 HTTP/1.1" 404 47 "-" "PostmanRuntime/7.43.0"

info: ::1 - - [12/Feb/2025:05:50:53 +0000] "PUT /api/v1/users/notes/67ab0e2f5ec9e2d3fad7f1c8 HTTP/1.1" 404 47 "-" "PostmanRuntime/7.43.0"

info: ::1 - - [12/Feb/2025:05:51:34 +0000] "POST /api/v1/users/login HTTP/1.1" 200 553 "-" "PostmanRuntime/7.43.0"

info: ::1 - - [12/Feb/2025:05:53:05 +0000] "PUT /api/v1/notes/67ab0e2f5ec9e2d3fad7f1c8 HTTP/1.1" 500 60 "-" "PostmanRuntime/7.43.0"

info: ::1 - - [12/Feb/2025:05:54:25 +0000] "PUT /api/v1/notes/67ab0e2f5ec9e2d3fad7f1c8 HTTP/1.1" 202 86 "-" "PostmanRuntime/7.43.0"

info: ::1 - - [12/Feb/2025:05:56:51 +0000] "PUT /api/v1/notes/67ab0e2f5ec9e2d3fad7f1c8 HTTP/1.1" 202 86 "-" "PostmanRuntime/7.43.0"

info: ::1 - - [12/Feb/2025:05:57:33 +0000] "PUT /api/v1/notes/67ac32dc78c354ac9ef01d61 HTTP/1.1" 202 286 "-" "PostmanRuntime/7.43.0"

info: ::1 - - [12/Feb/2025:05:57:47 +0000] "PUT /api/v1/notes/67ac32dc78c354ac9ef01d61 HTTP/1.1" 202 286 "-" "PostmanRuntime/7.43.0"

info: ::1 - - [12/Feb/2025:05:58:03 +0000] "PUT /api/v1/notes/67ac32dc78c354ac9ef01d61 HTTP/1.1" 202 291 "-" "PostmanRuntime/7.43.0"

