info: ::1 - - [11/Feb/2025:04:40:27 +0000] "POST /api/v1/users HTTP/1.1" 500 87 "-" "PostmanRuntime/7.43.0"

info: ::1 - - [11/Feb/2025:04:40:43 +0000] "POST /api/v1/users HTTP/1.1" 201 259 "-" "PostmanRuntime/7.43.0"

info: ::1 - - [11/Feb/2025:04:41:16 +0000] "GET /api/v1/users HTTP/1.1" 404 47 "-" "PostmanRuntime/7.43.0"

info: ::1 - - [11/Feb/2025:04:43:09 +0000] "GET /api/v1/users HTTP/1.1" 404 47 "-" "PostmanRuntime/7.43.0"

info: ::1 - - [11/Feb/2025:04:43:16 +0000] "POST /api/v1/users HTTP/1.1" 201 82 "-" "PostmanRuntime/7.43.0"

info: ::1 - - [11/Feb/2025:04:44:12 +0000] "POST /api/users HTTP/1.1" 404 47 "-" "PostmanRuntime/7.43.0"

info: ::1 - - [11/Feb/2025:04:45:14 +0000] "POST /api/v1/users HTTP/1.1" 500 78 "-" "PostmanRuntime/7.43.0"

info: ::1 - - [11/Feb/2025:04:45:25 +0000] "POST /api/v1/users HTTP/1.1" 201 82 "-" "PostmanRuntime/7.43.0"

info: ::1 - - [11/Feb/2025:04:47:21 +0000] "POST /api/v1/users HTTP/1.1" 201 82 "-" "PostmanRuntime/7.43.0"

info: ::1 - - [11/Feb/2025:04:47:34 +0000] "GET /api/v1/users HTTP/1.1" 404 47 "-" "PostmanRuntime/7.43.0"

info: ::1 - - [11/Feb/2025:04:49:09 +0000] "GET /api/v1/users HTTP/1.1" 404 47 "-" "PostmanRuntime/7.43.0"

info: ::1 - - [11/Feb/2025:04:51:08 +0000] "GET /api/v1/users HTTP/1.1" 404 47 "-" "PostmanRuntime/7.43.0"

info: ::1 - - [11/Feb/2025:04:51:11 +0000] "GET /api/v1/users HTTP/1.1" 404 47 "-" "PostmanRuntime/7.43.0"

info: ::1 - - [11/Feb/2025:05:06:43 +0000] "POST /api/v1/users HTTP/1.1" 201 261 "-" "PostmanRuntime/7.43.0"

info: ::1 - - [11/Feb/2025:05:39:25 +0000] "GET /api/v1/users HTTP/1.1" 200 997 "-" "PostmanRuntime/7.43.0"

info: ::1 - - [11/Feb/2025:06:27:59 +0000] "POST /api/v1/users HTTP/1.1" 201 81 "-" "PostmanRuntime/7.43.0"

info: ::1 - - [11/Feb/2025:07:55:53 +0000] "POST /api/v1/users HTTP/1.1" 201 84 "-" "PostmanRuntime/7.43.0"

info: ::1 - - [11/Feb/2025:07:56:13 +0000] "POST /api/v1/users HTTP/1.1" 201 84 "-" "PostmanRuntime/7.43.0"

info: ::1 - - [11/Feb/2025:08:39:04 +0000] "POST /api/v1/users HTTP/1.1" 201 84 "-" "PostmanRuntime/7.43.0"

info: ::1 - - [11/Feb/2025:08:44:52 +0000] "POST /api/v1/users HTTP/1.1" 201 129 "-" "PostmanRuntime/7.43.0"

info: ::1 - - [11/Feb/2025:08:45:35 +0000] "POST /api/v1/users HTTP/1.1" 201 312 "-" "PostmanRuntime/7.43.0"

info: ::1 - - [11/Feb/2025:08:46:51 +0000] "POST /api/v1/users/login HTTP/1.1" 200 350 "-" "PostmanRuntime/7.43.0"

info: ::1 - - [11/Feb/2025:08:52:04 +0000] "POST /api/v1/users/login HTTP/1.1" 200 350 "-" "PostmanRuntime/7.43.0"

info: ::1 - - [11/Feb/2025:10:18:27 +0000] "POST /api/v1/users HTTP/1.1" 404 47 "-" "PostmanRuntime/7.43.0"

info: ::1 - - [11/Feb/2025:10:18:38 +0000] "POST /api/v1/users/login HTTP/1.1" 500 41 "-" "PostmanRuntime/7.43.0"

info: ::1 - - [11/Feb/2025:17:46:36 +0000] "POST /api/v1/users/login HTTP/1.1" 500 41 "-" "PostmanRuntime/7.43.0"

info: ::1 - - [11/Feb/2025:17:46:46 +0000] "POST /api/v1/users/login HTTP/1.1" 500 41 "-" "PostmanRuntime/7.43.0"

info: ::1 - - [11/Feb/2025:17:59:42 +0000] "POST /api/v1/users/login HTTP/1.1" 400 39 "-" "PostmanRuntime/7.43.0"

info: ::1 - - [11/Feb/2025:18:00:50 +0000] "POST /api/v1/users/login HTTP/1.1" 400 39 "-" "PostmanRuntime/7.43.0"

info: ::1 - - [11/Feb/2025:18:03:40 +0000] "POST /api/v1/users/login HTTP/1.1" 200 553 "-" "PostmanRuntime/7.43.0"

info: ::1 - - [11/Feb/2025:18:06:39 +0000] "GET /api/v1/users/login HTTP/1.1" 404 47 "-" "PostmanRuntime/7.43.0"

info: ::1 - - [11/Feb/2025:18:20:33 +0000] "POST /api/v1/users/login HTTP/1.1" 200 553 "-" "PostmanRuntime/7.43.0"

info: ::1 - - [11/Feb/2025:18:23:24 +0000] "GET /api/v1/users/login HTTP/1.1" 404 47 "-" "PostmanRuntime/7.43.0"

info: ::1 - - [11/Feb/2025:18:26:28 +0000] "GET /api/v1/users/login HTTP/1.1" 404 47 "-" "PostmanRuntime/7.43.0"

info: ::1 - - [11/Feb/2025:18:29:07 +0000] "GET /api/v1/users/login HTTP/1.1" 404 47 "-" "PostmanRuntime/7.43.0"

info: ::1 - - [11/Feb/2025:18:29:51 +0000] "GET /api/v1/users/login HTTP/1.1" 404 47 "-" "PostmanRuntime/7.43.0"

