info: Server started at http://localhost:3000/api/v1/ {"timestamp":"2025-02-10T04:31:53.722Z"}
info: Connected to the database. {"timestamp":"2025-02-10T04:32:03.721Z"}
info: Server started at http://localhost:3000/api/v1/ {"timestamp":"2025-02-10T05:00:00.803Z"}
error: Could not connect to the database. con is not defined {"stack":"ReferenceError: con is not defined\n    at _callee$ (C:\\Users\\tanya\\OneDrive\\Desktop\\BackendProject\\fundo-project\\src\\config\\/database.js:19:5)\n    at tryCatch (C:\\Users\\tanya\\OneDrive\\Desktop\\BackendProject\\fundo-project\\node_modules\\@babel\\runtime\\helpers\\regeneratorRuntime.js:45:16)\n    at Generator.<anonymous> (C:\\Users\\tanya\\OneDrive\\Desktop\\BackendProject\\fundo-project\\node_modules\\@babel\\runtime\\helpers\\regeneratorRuntime.js:133:17)\n    at Generator.next (C:\\Users\\tanya\\OneDrive\\Desktop\\BackendProject\\fundo-project\\node_modules\\@babel\\runtime\\helpers\\regeneratorRuntime.js:74:21)\n    at asyncGeneratorStep (C:\\Users\\tanya\\OneDrive\\Desktop\\BackendProject\\fundo-project\\node_modules\\@babel\\runtime\\helpers\\asyncToGenerator.js:3:17)\n    at _next (C:\\Users\\tanya\\OneDrive\\Desktop\\BackendProject\\fundo-project\\node_modules\\@babel\\runtime\\helpers\\asyncToGenerator.js:17:9)\n    at processTicksAndRejections (node:internal/process/task_queues:95:5)","timestamp":"2025-02-10T05:00:00.829Z"}
info: Server started at http://localhost:3000/api/v1/ {"timestamp":"2025-02-10T05:00:14.586Z"}
info: Connected to the database. {"timestamp":"2025-02-10T05:00:14.615Z"}
info: Server started at http://localhost:3000/api/v1/ {"timestamp":"2025-02-10T05:00:18.561Z"}
info: Server started at http://localhost:3000/api/v1/ {"timestamp":"2025-02-10T05:00:35.902Z"}
info: Connected to the database. {"timestamp":"2025-02-10T05:00:35.925Z"}
info: Server started at http://localhost:3000/api/v1/ {"timestamp":"2025-02-10T05:01:58.935Z"}
info: Connected to the database. {"timestamp":"2025-02-10T05:01:58.964Z"}
info: Server started at http://localhost:3000/api/v1/ {"timestamp":"2025-02-10T05:17:18.591Z"}
info: Connected to the database. {"timestamp":"2025-02-10T05:17:18.626Z"}
info: Server started at http://localhost:3000/api/v1/ {"timestamp":"2025-02-10T05:48:26.506Z"}
info: Connected to the database. {"timestamp":"2025-02-10T05:48:26.546Z"}
info: Server started at http://localhost:3000/api/v1/ {"timestamp":"2025-02-10T05:48:37.932Z"}
info: Connected to the database. {"timestamp":"2025-02-10T05:48:37.958Z"}
info: Server started at http://localhost:3000/api/v1/ {"timestamp":"2025-02-10T05:49:00.650Z"}
info: Connected to the database. {"timestamp":"2025-02-10T05:49:00.684Z"}
info: Server started at http://localhost:3000/api/v1/ {"timestamp":"2025-02-10T05:49:13.989Z"}
info: Connected to the database. {"timestamp":"2025-02-10T05:49:14.013Z"}
info: Server started at http://localhost:3000/api/v1/ {"timestamp":"2025-02-10T05:55:34.054Z"}
info: Connected to the database. {"timestamp":"2025-02-10T05:55:34.097Z"}
info: Server started at http://localhost:3000/api/v1/ {"timestamp":"2025-02-10T07:45:52.338Z"}
info: Connected to the database. {"timestamp":"2025-02-10T07:45:52.398Z"}
info: Server started at http://localhost:3000/api/v1/ {"timestamp":"2025-02-10T07:46:24.438Z"}
info: Connected to the database. {"timestamp":"2025-02-10T07:46:24.472Z"}
error: 
    status - 500 
    message - ValidationError: "email" is required 
    url - /api/v1/users 
    method - POST 
    IP - ::1
   {"timestamp":"2025-02-10T07:46:47.248Z"}
error: 
      status - 400
      message - Authorization token is required 
      url - /api/v1/users/67a9af0fd4083a70d0aa1dc3 
      method - GET 
      IP - ::1
     {"timestamp":"2025-02-10T07:47:55.342Z"}
error: 
      status - 400
      message - Authorization token is required 
      url - /api/v1/users/67a9af0fd4083a70d0aa1dc3 
      method - GET 
      IP - ::1
     {"timestamp":"2025-02-10T07:50:27.925Z"}
info: Server started at http://localhost:3000/api/v1/ {"timestamp":"2025-02-10T07:57:35.425Z"}
info: Connected to the database. {"timestamp":"2025-02-10T07:57:35.449Z"}
error: 
      status - 400
      message - Authorization token is required 
      url - /api/v1/users/67a9af0fd4083a70d0aa1dc3 
      method - GET 
      IP - ::1
     {"timestamp":"2025-02-10T08:01:03.176Z"}
info: Server started at http://localhost:3000/api/v1/ {"timestamp":"2025-02-10T08:05:08.342Z"}
info: Connected to the database. {"timestamp":"2025-02-10T08:05:08.383Z"}
info: Server started at http://localhost:3000/api/v1/ {"timestamp":"2025-02-10T08:05:20.000Z"}
info: Connected to the database. {"timestamp":"2025-02-10T08:05:20.022Z"}
error: 
      status - 400
      message - Authorization token is required 
      url - /api/v1/users/67a9af0fd4083a70d0aa1dc3 
      method - GET 
      IP - ::1
     {"timestamp":"2025-02-10T08:05:26.666Z"}
error: 
      status - 400
      message - Authorization token is required 
      url - /api/v1/users/67a98878c0ff916f9862fc8c 
      method - GET 
      IP - ::1
     {"timestamp":"2025-02-10T08:06:10.527Z"}
info: Server started at http://localhost:3000/api/v1/ {"timestamp":"2025-02-10T08:08:19.580Z"}
info: Connected to the database. {"timestamp":"2025-02-10T08:08:19.614Z"}
info: Server started at http://localhost:3000/api/v1/ {"timestamp":"2025-02-10T08:11:37.027Z"}
info: Connected to the database. {"timestamp":"2025-02-10T08:11:37.063Z"}
info: Server started at http://localhost:3000/api/v1/ {"timestamp":"2025-02-10T08:12:33.511Z"}
info: Connected to the database. {"timestamp":"2025-02-10T08:12:33.558Z"}
info: Server started at http://localhost:3000/api/v1/ {"timestamp":"2025-02-10T08:13:08.018Z"}
info: Connected to the database. {"timestamp":"2025-02-10T08:13:08.068Z"}
info: Server started at http://localhost:3000/api/v1/ {"timestamp":"2025-02-10T08:18:17.712Z"}
info: Connected to the database. {"timestamp":"2025-02-10T08:18:17.745Z"}
info: Server started at http://localhost:3000/api/v1/ {"timestamp":"2025-02-10T08:18:28.226Z"}
info: Connected to the database. {"timestamp":"2025-02-10T08:18:28.278Z"}
info: Server started at http://localhost:3000/api/v1/ {"timestamp":"2025-02-10T08:18:45.732Z"}
info: Connected to the database. {"timestamp":"2025-02-10T08:18:45.764Z"}
info: Server started at http://localhost:3000/api/v1/ {"timestamp":"2025-02-10T08:19:09.887Z"}
info: Connected to the database. {"timestamp":"2025-02-10T08:19:09.910Z"}
info: Server started at http://localhost:3000/api/v1/ {"timestamp":"2025-02-10T08:20:07.482Z"}
info: Connected to the database. {"timestamp":"2025-02-10T08:20:07.532Z"}
info: Server started at http://localhost:3000/api/v1/ {"timestamp":"2025-02-10T08:20:31.882Z"}
info: Connected to the database. {"timestamp":"2025-02-10T08:20:31.921Z"}
info: Server started at http://localhost:3000/api/v1/ {"timestamp":"2025-02-10T08:21:10.796Z"}
info: Connected to the database. {"timestamp":"2025-02-10T08:21:10.846Z"}
info: Server started at http://localhost:3000/api/v1/ {"timestamp":"2025-02-10T08:21:37.028Z"}
info: Connected to the database. {"timestamp":"2025-02-10T08:21:37.066Z"}
info: Server started at http://localhost:3000/api/v1/ {"timestamp":"2025-02-10T08:21:53.952Z"}
info: Connected to the database. {"timestamp":"2025-02-10T08:21:53.980Z"}
info: Server started at http://localhost:3000/api/v1/ {"timestamp":"2025-02-10T08:22:08.460Z"}
info: Connected to the database. {"timestamp":"2025-02-10T08:22:08.496Z"}
info: Server started at http://localhost:3000/api/v1/ {"timestamp":"2025-02-10T08:23:23.020Z"}
info: Connected to the database. {"timestamp":"2025-02-10T08:23:23.061Z"}
info: Server started at http://localhost:3000/api/v1/ {"timestamp":"2025-02-10T08:25:29.008Z"}
info: Connected to the database. {"timestamp":"2025-02-10T08:25:29.039Z"}
info: Server started at http://localhost:3000/api/v1/ {"timestamp":"2025-02-10T08:25:59.037Z"}
info: Connected to the database. {"timestamp":"2025-02-10T08:25:59.083Z"}
info: Server started at http://localhost:3000/api/v1/ {"timestamp":"2025-02-10T08:26:16.110Z"}
info: Connected to the database. {"timestamp":"2025-02-10T08:26:16.157Z"}
info: Server started at http://localhost:3000/api/v1/ {"timestamp":"2025-02-10T08:26:32.658Z"}
info: Connected to the database. {"timestamp":"2025-02-10T08:26:32.679Z"}
info: Server started at http://localhost:3000/api/v1/ {"timestamp":"2025-02-10T08:26:42.534Z"}
info: Connected to the database. {"timestamp":"2025-02-10T08:26:42.586Z"}
info: Server started at http://localhost:3000/api/v1/ {"timestamp":"2025-02-10T08:27:22.583Z"}
info: Connected to the database. {"timestamp":"2025-02-10T08:27:22.622Z"}
info: Server started at http://localhost:3000/api/v1/ {"timestamp":"2025-02-10T08:27:57.446Z"}
info: Connected to the database. {"timestamp":"2025-02-10T08:27:57.490Z"}
info: Server started at http://localhost:3000/api/v1/ {"timestamp":"2025-02-10T08:28:16.355Z"}
info: Connected to the database. {"timestamp":"2025-02-10T08:28:16.390Z"}
info: Server started at http://localhost:3000/api/v1/ {"timestamp":"2025-02-10T08:28:32.229Z"}
info: Connected to the database. {"timestamp":"2025-02-10T08:28:32.264Z"}
info: Server started at http://localhost:3000/api/v1/ {"timestamp":"2025-02-10T08:30:55.031Z"}
info: Connected to the database. {"timestamp":"2025-02-10T08:30:55.070Z"}
info: Server started at http://localhost:3000/api/v1/ {"timestamp":"2025-02-10T08:31:12.639Z"}
info: Connected to the database. {"timestamp":"2025-02-10T08:31:12.674Z"}
info: Server started at http://localhost:3000/api/v1/ {"timestamp":"2025-02-10T08:31:18.677Z"}
info: Connected to the database. {"timestamp":"2025-02-10T08:31:18.729Z"}
info: Server started at http://localhost:3000/api/v1/ {"timestamp":"2025-02-10T08:33:10.704Z"}
info: Connected to the database. {"timestamp":"2025-02-10T08:33:10.739Z"}
info: Server started at http://localhost:3000/api/v1/ {"timestamp":"2025-02-10T08:34:41.600Z"}
info: Connected to the database. {"timestamp":"2025-02-10T08:34:41.653Z"}
info: Server started at http://localhost:3000/api/v1/ {"timestamp":"2025-02-10T08:35:08.054Z"}
info: Connected to the database. {"timestamp":"2025-02-10T08:35:08.104Z"}
info: Server started at http://localhost:3000/api/v1/ {"timestamp":"2025-02-10T08:35:17.723Z"}
info: Connected to the database. {"timestamp":"2025-02-10T08:35:17.754Z"}
info: Server started at http://localhost:3000/api/v1/ {"timestamp":"2025-02-10T08:37:22.875Z"}
info: Connected to the database. {"timestamp":"2025-02-10T08:37:22.906Z"}
info: Server started at http://localhost:3000/api/v1/ {"timestamp":"2025-02-10T08:38:07.255Z"}
info: Connected to the database. {"timestamp":"2025-02-10T08:38:07.301Z"}
info: Server started at http://localhost:3000/api/v1/ {"timestamp":"2025-02-10T08:38:18.486Z"}
info: Connected to the database. {"timestamp":"2025-02-10T08:38:18.518Z"}
info: Server started at http://localhost:3000/api/v1/ {"timestamp":"2025-02-10T08:38:55.648Z"}
info: Connected to the database. {"timestamp":"2025-02-10T08:38:55.697Z"}
info: Server started at http://localhost:3000/api/v1/ {"timestamp":"2025-02-10T08:40:22.838Z"}
info: Connected to the database. {"timestamp":"2025-02-10T08:40:22.866Z"}
info: Server started at http://localhost:3000/api/v1/ {"timestamp":"2025-02-10T08:40:40.197Z"}
info: Connected to the database. {"timestamp":"2025-02-10T08:40:40.220Z"}
info: Server started at http://localhost:3000/api/v1/ {"timestamp":"2025-02-10T08:41:34.959Z"}
info: Connected to the database. {"timestamp":"2025-02-10T08:41:35.007Z"}
info: Server started at http://localhost:3000/api/v1/ {"timestamp":"2025-02-10T08:42:02.565Z"}
info: Connected to the database. {"timestamp":"2025-02-10T08:42:02.589Z"}
info: Server started at http://localhost:3000/api/v1/ {"timestamp":"2025-02-10T08:42:09.948Z"}
info: Connected to the database. {"timestamp":"2025-02-10T08:42:09.985Z"}
info: Server started at http://localhost:3000/api/v1/ {"timestamp":"2025-02-10T08:42:18.186Z"}
info: Connected to the database. {"timestamp":"2025-02-10T08:42:18.210Z"}
info: Server started at http://localhost:3000/api/v1/ {"timestamp":"2025-02-10T08:43:25.721Z"}
info: Connected to the database. {"timestamp":"2025-02-10T08:43:25.762Z"}
info: Server started at http://localhost:3000/api/v1/ {"timestamp":"2025-02-10T08:43:57.694Z"}
info: Connected to the database. {"timestamp":"2025-02-10T08:43:57.721Z"}
info: Server started at http://localhost:3000/api/v1/ {"timestamp":"2025-02-10T08:44:02.860Z"}
info: Connected to the database. {"timestamp":"2025-02-10T08:44:02.897Z"}
info: Server started at http://localhost:3000/api/v1/ {"timestamp":"2025-02-10T08:52:56.110Z"}
info: Connected to the database. {"timestamp":"2025-02-10T08:52:56.152Z"}
info: Server started at http://localhost:3000/api/v1/ {"timestamp":"2025-02-10T08:53:20.486Z"}
info: Connected to the database. {"timestamp":"2025-02-10T08:53:20.535Z"}
info: Server started at http://localhost:3000/api/v1/ {"timestamp":"2025-02-10T08:53:25.011Z"}
info: Connected to the database. {"timestamp":"2025-02-10T08:53:25.053Z"}
info: Server started at http://localhost:3000/api/v1/ {"timestamp":"2025-02-10T08:54:03.579Z"}
info: Connected to the database. {"timestamp":"2025-02-10T08:54:03.619Z"}
info: Server started at http://localhost:3000/api/v1/ {"timestamp":"2025-02-10T08:57:23.996Z"}
info: Connected to the database. {"timestamp":"2025-02-10T08:57:24.030Z"}
info: Server started at http://localhost:3000/api/v1/ {"timestamp":"2025-02-10T08:57:38.474Z"}
info: Connected to the database. {"timestamp":"2025-02-10T08:57:38.540Z"}
info: Server started at http://localhost:3000/api/v1/ {"timestamp":"2025-02-10T08:58:01.038Z"}
info: Connected to the database. {"timestamp":"2025-02-10T08:58:01.062Z"}
info: Server started at http://localhost:3000/api/v1/ {"timestamp":"2025-02-10T08:58:49.821Z"}
info: Connected to the database. {"timestamp":"2025-02-10T08:58:49.872Z"}
info: Server started at http://localhost:3000/api/v1/ {"timestamp":"2025-02-10T08:59:40.817Z"}
info: Connected to the database. {"timestamp":"2025-02-10T08:59:40.861Z"}
info: Server started at http://localhost:3000/api/v1/ {"timestamp":"2025-02-10T09:01:20.272Z"}
info: Connected to the database. {"timestamp":"2025-02-10T09:01:20.299Z"}
info: Server started at http://localhost:3000/api/v1/ {"timestamp":"2025-02-10T09:01:27.766Z"}
info: Connected to the database. {"timestamp":"2025-02-10T09:01:27.816Z"}
info: Server started at http://localhost:3000/api/v1/ {"timestamp":"2025-02-10T09:01:35.605Z"}
info: Connected to the database. {"timestamp":"2025-02-10T09:01:35.632Z"}
info: Server started at http://localhost:3000/api/v1/ {"timestamp":"2025-02-10T09:02:10.775Z"}
info: Connected to the database. {"timestamp":"2025-02-10T09:02:10.817Z"}
info: Server started at http://localhost:3000/api/v1/ {"timestamp":"2025-02-10T09:15:43.539Z"}
info: Connected to the database. {"timestamp":"2025-02-10T09:15:43.588Z"}
info: Server started at http://localhost:3000/api/v1/ {"timestamp":"2025-02-10T09:16:35.167Z"}
info: Connected to the database. {"timestamp":"2025-02-10T09:16:35.201Z"}
info: Server started at http://localhost:3000/api/v1/ {"timestamp":"2025-02-10T09:16:44.462Z"}
info: Connected to the database. {"timestamp":"2025-02-10T09:16:44.487Z"}
info: Server started at http://localhost:3000/api/v1/ {"timestamp":"2025-02-10T09:16:52.337Z"}
info: Connected to the database. {"timestamp":"2025-02-10T09:16:52.385Z"}
info: Server started at http://localhost:3000/api/v1/ {"timestamp":"2025-02-10T09:17:15.293Z"}
info: Connected to the database. {"timestamp":"2025-02-10T09:17:15.326Z"}
info: Server started at http://localhost:3000/api/v1/ {"timestamp":"2025-02-10T09:17:21.979Z"}
info: Connected to the database. {"timestamp":"2025-02-10T09:17:22.025Z"}
info: Server started at http://localhost:3000/api/v1/ {"timestamp":"2025-02-10T09:17:52.083Z"}
info: Connected to the database. {"timestamp":"2025-02-10T09:17:52.107Z"}
info: Server started at http://localhost:3000/api/v1/ {"timestamp":"2025-02-10T09:17:56.158Z"}
info: Connected to the database. {"timestamp":"2025-02-10T09:17:56.192Z"}
info: Server started at http://localhost:3000/api/v1/ {"timestamp":"2025-02-10T09:18:08.337Z"}
info: Connected to the database. {"timestamp":"2025-02-10T09:18:08.364Z"}
info: Server started at http://localhost:3000/api/v1/ {"timestamp":"2025-02-10T09:18:13.218Z"}
info: Connected to the database. {"timestamp":"2025-02-10T09:18:13.260Z"}
info: Server started at http://localhost:3000/api/v1/ {"timestamp":"2025-02-10T09:18:32.877Z"}
info: Connected to the database. {"timestamp":"2025-02-10T09:18:32.906Z"}
info: Server started at http://localhost:3000/api/v1/ {"timestamp":"2025-02-10T09:18:37.189Z"}
info: Connected to the database. {"timestamp":"2025-02-10T09:18:37.218Z"}
info: Server started at http://localhost:3000/api/v1/ {"timestamp":"2025-02-10T09:18:41.167Z"}
info: Connected to the database. {"timestamp":"2025-02-10T09:18:41.198Z"}
info: Server started at http://localhost:3000/api/v1/ {"timestamp":"2025-02-10T09:18:58.700Z"}
info: Connected to the database. {"timestamp":"2025-02-10T09:18:58.732Z"}
info: Server started at http://localhost:3000/api/v1/ {"timestamp":"2025-02-10T09:19:03.637Z"}
info: Connected to the database. {"timestamp":"2025-02-10T09:19:03.669Z"}
info: Server started at http://localhost:3000/api/v1/ {"timestamp":"2025-02-10T09:19:09.636Z"}
info: Connected to the database. {"timestamp":"2025-02-10T09:19:09.669Z"}
info: Server started at http://localhost:3000/api/v1/ {"timestamp":"2025-02-10T09:19:14.392Z"}
info: Connected to the database. {"timestamp":"2025-02-10T09:19:14.430Z"}
info: Server started at http://localhost:3000/api/v1/ {"timestamp":"2025-02-10T09:19:18.426Z"}
info: Connected to the database. {"timestamp":"2025-02-10T09:19:18.453Z"}
info: Server started at http://localhost:3000/api/v1/ {"timestamp":"2025-02-10T09:19:22.574Z"}
info: Connected to the database. {"timestamp":"2025-02-10T09:19:22.610Z"}
info: Server started at http://localhost:3000/api/v1/ {"timestamp":"2025-02-10T09:19:59.926Z"}
info: Connected to the database. {"timestamp":"2025-02-10T09:19:59.977Z"}
info: Server started at http://localhost:3000/api/v1/ {"timestamp":"2025-02-10T09:20:06.375Z"}
info: Connected to the database. {"timestamp":"2025-02-10T09:20:06.401Z"}
info: Server started at http://localhost:3000/api/v1/ {"timestamp":"2025-02-10T09:23:19.598Z"}
info: Connected to the database. {"timestamp":"2025-02-10T09:23:19.625Z"}
info: Server started at http://localhost:3000/api/v1/ {"timestamp":"2025-02-10T09:23:25.230Z"}
info: Connected to the database. {"timestamp":"2025-02-10T09:23:25.271Z"}
info: Server started at http://localhost:3000/api/v1/ {"timestamp":"2025-02-10T09:28:04.236Z"}
info: Connected to the database. {"timestamp":"2025-02-10T09:28:04.275Z"}
info: Server started at http://localhost:3000/api/v1/ {"timestamp":"2025-02-10T09:28:26.011Z"}
info: Connected to the database. {"timestamp":"2025-02-10T09:28:26.060Z"}
info: Server started at http://localhost:3000/api/v1/ {"timestamp":"2025-02-10T09:28:29.799Z"}
info: Connected to the database. {"timestamp":"2025-02-10T09:28:29.821Z"}
info: Server started at http://localhost:3000/api/v1/ {"timestamp":"2025-02-10T09:28:44.078Z"}
info: Connected to the database. {"timestamp":"2025-02-10T09:28:44.106Z"}
info: Server started at http://localhost:3000/api/v1/ {"timestamp":"2025-02-10T09:28:54.859Z"}
info: Connected to the database. {"timestamp":"2025-02-10T09:28:54.888Z"}
info: Server started at http://localhost:3000/api/v1/ {"timestamp":"2025-02-10T09:29:14.045Z"}
info: Connected to the database. {"timestamp":"2025-02-10T09:29:14.088Z"}
info: Server started at http://localhost:3000/api/v1/ {"timestamp":"2025-02-10T09:30:51.980Z"}
info: Connected to the database. {"timestamp":"2025-02-10T09:30:52.014Z"}
info: Server started at http://localhost:3000/api/v1/ {"timestamp":"2025-02-10T09:31:03.243Z"}
info: Connected to the database. {"timestamp":"2025-02-10T09:31:03.319Z"}
info: Server started at http://localhost:3000/api/v1/ {"timestamp":"2025-02-10T09:31:19.140Z"}
info: Connected to the database. {"timestamp":"2025-02-10T09:31:19.166Z"}
error: 
    status - 500 
    message - Error: Must be invoked on a Joi instance.
    at new module.exports (C:\Users\tanya\OneDrive\Desktop\BackendProject\fundo-project\node_modules\@hapi\hoek\lib\error.js:23:19)
    at module.exports (C:\Users\tanya\OneDrive\Desktop\BackendProject\fundo-project\node_modules\@hapi\hoek\lib\assert.js:21:11)
    at Object.internals.generate (C:\Users\tanya\OneDrive\Desktop\BackendProject\fundo-project\node_modules\@hapi\joi\lib\index.js:249:5)
    at root.<computed> (C:\Users\tanya\OneDrive\Desktop\BackendProject\fundo-project\node_modules\@hapi\joi\lib\index.js:58:30)
    at newUserValidator (C:\Users\tanya\OneDrive\Desktop\BackendProject\fundo-project\src\validators\/user.validator.js:7:23)
    at Layer.handle [as handle_request] (C:\Users\tanya\OneDrive\Desktop\BackendProject\fundo-project\node_modules\express\lib\router\layer.js:95:5)
    at next (C:\Users\tanya\OneDrive\Desktop\BackendProject\fundo-project\node_modules\express\lib\router\route.js:149:13)
    at Route.dispatch (C:\Users\tanya\OneDrive\Desktop\BackendProject\fundo-project\node_modules\express\lib\router\route.js:119:3)
    at Layer.handle [as handle_request] (C:\Users\tanya\OneDrive\Desktop\BackendProject\fundo-project\node_modules\express\lib\router\layer.js:95:5)
    at C:\Users\tanya\OneDrive\Desktop\BackendProject\fundo-project\node_modules\express\lib\router\index.js:284:15
    at Function.process_params (C:\Users\tanya\OneDrive\Desktop\BackendProject\fundo-project\node_modules\express\lib\router\index.js:346:12)
    at next (C:\Users\tanya\OneDrive\Desktop\BackendProject\fundo-project\node_modules\express\lib\router\index.js:280:10)
    at Function.handle (C:\Users\tanya\OneDrive\Desktop\BackendProject\fundo-project\node_modules\express\lib\router\index.js:175:3)
    at router (C:\Users\tanya\OneDrive\Desktop\BackendProject\fundo-project\node_modules\express\lib\router\index.js:47:12)
    at Layer.handle [as handle_request] (C:\Users\tanya\OneDrive\Desktop\BackendProject\fundo-project\node_modules\express\lib\router\layer.js:95:5)
    at trim_prefix (C:\Users\tanya\OneDrive\Desktop\BackendProject\fundo-project\node_modules\express\lib\router\index.js:328:13)
    at C:\Users\tanya\OneDrive\Desktop\BackendProject\fundo-project\node_modules\express\lib\router\index.js:286:9
    at Function.process_params (C:\Users\tanya\OneDrive\Desktop\BackendProject\fundo-project\node_modules\express\lib\router\index.js:346:12)
    at next (C:\Users\tanya\OneDrive\Desktop\BackendProject\fundo-project\node_modules\express\lib\router\index.js:280:10)
    at Function.handle (C:\Users\tanya\OneDrive\Desktop\BackendProject\fundo-project\node_modules\express\lib\router\index.js:175:3)
    at router (C:\Users\tanya\OneDrive\Desktop\BackendProject\fundo-project\node_modules\express\lib\router\index.js:47:12)
    at Layer.handle [as handle_request] (C:\Users\tanya\OneDrive\Desktop\BackendProject\fundo-project\node_modules\express\lib\router\layer.js:95:5)
    at trim_prefix (C:\Users\tanya\OneDrive\Desktop\BackendProject\fundo-project\node_modules\express\lib\router\index.js:328:13)
    at C:\Users\tanya\OneDrive\Desktop\BackendProject\fundo-project\node_modules\express\lib\router\index.js:286:9
    at Function.process_params (C:\Users\tanya\OneDrive\Desktop\BackendProject\fundo-project\node_modules\express\lib\router\index.js:346:12)
    at next (C:\Users\tanya\OneDrive\Desktop\BackendProject\fundo-project\node_modules\express\lib\router\index.js:280:10)
    at logger (C:\Users\tanya\OneDrive\Desktop\BackendProject\fundo-project\node_modules\morgan\index.js:144:5)
    at Layer.handle [as handle_request] (C:\Users\tanya\OneDrive\Desktop\BackendProject\fundo-project\node_modules\express\lib\router\layer.js:95:5)
    at trim_prefix (C:\Users\tanya\OneDrive\Desktop\BackendProject\fundo-project\node_modules\express\lib\router\index.js:328:13)
    at C:\Users\tanya\OneDrive\Desktop\BackendProject\fundo-project\node_modules\express\lib\router\index.js:286:9
    at Function.process_params (C:\Users\tanya\OneDrive\Desktop\BackendProject\fundo-project\node_modules\express\lib\router\index.js:346:12)
    at next (C:\Users\tanya\OneDrive\Desktop\BackendProject\fundo-project\node_modules\express\lib\router\index.js:280:10)
    at C:\Users\tanya\OneDrive\Desktop\BackendProject\fundo-project\node_modules\body-parser\lib\read.js:137:5
    at AsyncResource.runInAsyncScope (node:async_hooks:206:9)
    at invokeCallback (C:\Users\tanya\OneDrive\Desktop\BackendProject\fundo-project\node_modules\raw-body\index.js:238:16)
    at done (C:\Users\tanya\OneDrive\Desktop\BackendProject\fundo-project\node_modules\raw-body\index.js:227:7)
    at IncomingMessage.onEnd (C:\Users\tanya\OneDrive\Desktop\BackendProject\fundo-project\node_modules\raw-body\index.js:287:7)
    at IncomingMessage.emit (node:events:519:28)
    at IncomingMessage.emit (node:domain:488:12)
    at endReadableNT (node:internal/streams/readable:1696:12)
    at processTicksAndRejections (node:internal/process/task_queues:82:21) 
    url - /api/v1/users 
    method - POST 
    IP - ::1
   {"timestamp":"2025-02-10T09:31:32.199Z"}
error: 
    status - 500 
    message - Error: Must be invoked on a Joi instance.
    at new module.exports (C:\Users\tanya\OneDrive\Desktop\BackendProject\fundo-project\node_modules\@hapi\hoek\lib\error.js:23:19)
    at module.exports (C:\Users\tanya\OneDrive\Desktop\BackendProject\fundo-project\node_modules\@hapi\hoek\lib\assert.js:21:11)
    at Object.internals.generate (C:\Users\tanya\OneDrive\Desktop\BackendProject\fundo-project\node_modules\@hapi\joi\lib\index.js:249:5)
    at root.<computed> (C:\Users\tanya\OneDrive\Desktop\BackendProject\fundo-project\node_modules\@hapi\joi\lib\index.js:58:30)
    at newUserValidator (C:\Users\tanya\OneDrive\Desktop\BackendProject\fundo-project\src\validators\/user.validator.js:7:23)
    at Layer.handle [as handle_request] (C:\Users\tanya\OneDrive\Desktop\BackendProject\fundo-project\node_modules\express\lib\router\layer.js:95:5)
    at next (C:\Users\tanya\OneDrive\Desktop\BackendProject\fundo-project\node_modules\express\lib\router\route.js:149:13)
    at Route.dispatch (C:\Users\tanya\OneDrive\Desktop\BackendProject\fundo-project\node_modules\express\lib\router\route.js:119:3)
    at Layer.handle [as handle_request] (C:\Users\tanya\OneDrive\Desktop\BackendProject\fundo-project\node_modules\express\lib\router\layer.js:95:5)
    at C:\Users\tanya\OneDrive\Desktop\BackendProject\fundo-project\node_modules\express\lib\router\index.js:284:15
    at Function.process_params (C:\Users\tanya\OneDrive\Desktop\BackendProject\fundo-project\node_modules\express\lib\router\index.js:346:12)
    at next (C:\Users\tanya\OneDrive\Desktop\BackendProject\fundo-project\node_modules\express\lib\router\index.js:280:10)
    at Function.handle (C:\Users\tanya\OneDrive\Desktop\BackendProject\fundo-project\node_modules\express\lib\router\index.js:175:3)
    at router (C:\Users\tanya\OneDrive\Desktop\BackendProject\fundo-project\node_modules\express\lib\router\index.js:47:12)
    at Layer.handle [as handle_request] (C:\Users\tanya\OneDrive\Desktop\BackendProject\fundo-project\node_modules\express\lib\router\layer.js:95:5)
    at trim_prefix (C:\Users\tanya\OneDrive\Desktop\BackendProject\fundo-project\node_modules\express\lib\router\index.js:328:13)
    at C:\Users\tanya\OneDrive\Desktop\BackendProject\fundo-project\node_modules\express\lib\router\index.js:286:9
    at Function.process_params (C:\Users\tanya\OneDrive\Desktop\BackendProject\fundo-project\node_modules\express\lib\router\index.js:346:12)
    at next (C:\Users\tanya\OneDrive\Desktop\BackendProject\fundo-project\node_modules\express\lib\router\index.js:280:10)
    at Function.handle (C:\Users\tanya\OneDrive\Desktop\BackendProject\fundo-project\node_modules\express\lib\router\index.js:175:3)
    at router (C:\Users\tanya\OneDrive\Desktop\BackendProject\fundo-project\node_modules\express\lib\router\index.js:47:12)
    at Layer.handle [as handle_request] (C:\Users\tanya\OneDrive\Desktop\BackendProject\fundo-project\node_modules\express\lib\router\layer.js:95:5)
    at trim_prefix (C:\Users\tanya\OneDrive\Desktop\BackendProject\fundo-project\node_modules\express\lib\router\index.js:328:13)
    at C:\Users\tanya\OneDrive\Desktop\BackendProject\fundo-project\node_modules\express\lib\router\index.js:286:9
    at Function.process_params (C:\Users\tanya\OneDrive\Desktop\BackendProject\fundo-project\node_modules\express\lib\router\index.js:346:12)
    at next (C:\Users\tanya\OneDrive\Desktop\BackendProject\fundo-project\node_modules\express\lib\router\index.js:280:10)
    at logger (C:\Users\tanya\OneDrive\Desktop\BackendProject\fundo-project\node_modules\morgan\index.js:144:5)
    at Layer.handle [as handle_request] (C:\Users\tanya\OneDrive\Desktop\BackendProject\fundo-project\node_modules\express\lib\router\layer.js:95:5)
    at trim_prefix (C:\Users\tanya\OneDrive\Desktop\BackendProject\fundo-project\node_modules\express\lib\router\index.js:328:13)
    at C:\Users\tanya\OneDrive\Desktop\BackendProject\fundo-project\node_modules\express\lib\router\index.js:286:9
    at Function.process_params (C:\Users\tanya\OneDrive\Desktop\BackendProject\fundo-project\node_modules\express\lib\router\index.js:346:12)
    at next (C:\Users\tanya\OneDrive\Desktop\BackendProject\fundo-project\node_modules\express\lib\router\index.js:280:10)
    at C:\Users\tanya\OneDrive\Desktop\BackendProject\fundo-project\node_modules\body-parser\lib\read.js:137:5
    at AsyncResource.runInAsyncScope (node:async_hooks:206:9)
    at invokeCallback (C:\Users\tanya\OneDrive\Desktop\BackendProject\fundo-project\node_modules\raw-body\index.js:238:16)
    at done (C:\Users\tanya\OneDrive\Desktop\BackendProject\fundo-project\node_modules\raw-body\index.js:227:7)
    at IncomingMessage.onEnd (C:\Users\tanya\OneDrive\Desktop\BackendProject\fundo-project\node_modules\raw-body\index.js:287:7)
    at IncomingMessage.emit (node:events:519:28)
    at IncomingMessage.emit (node:domain:488:12)
    at endReadableNT (node:internal/streams/readable:1696:12)
    at processTicksAndRejections (node:internal/process/task_queues:82:21) 
    url - /api/v1/users 
    method - POST 
    IP - ::1
   {"timestamp":"2025-02-10T09:32:37.381Z"}
info: Server started at http://localhost:3000/api/v1/ {"timestamp":"2025-02-10T09:34:32.525Z"}
info: Connected to the database. {"timestamp":"2025-02-10T09:34:32.554Z"}
error: 
    status - 500 
    message - Error: Must be invoked on a Joi instance.
    at new module.exports (C:\Users\tanya\OneDrive\Desktop\BackendProject\fundo-project\node_modules\@hapi\hoek\lib\error.js:23:19)
    at module.exports (C:\Users\tanya\OneDrive\Desktop\BackendProject\fundo-project\node_modules\@hapi\hoek\lib\assert.js:21:11)
    at Object.internals.generate (C:\Users\tanya\OneDrive\Desktop\BackendProject\fundo-project\node_modules\@hapi\joi\lib\index.js:249:5)
    at root.<computed> (C:\Users\tanya\OneDrive\Desktop\BackendProject\fundo-project\node_modules\@hapi\joi\lib\index.js:58:30)
    at newUserValidator (C:\Users\tanya\OneDrive\Desktop\BackendProject\fundo-project\src\validators\/user.validator.js:7:23)
    at Layer.handle [as handle_request] (C:\Users\tanya\OneDrive\Desktop\BackendProject\fundo-project\node_modules\express\lib\router\layer.js:95:5)
    at next (C:\Users\tanya\OneDrive\Desktop\BackendProject\fundo-project\node_modules\express\lib\router\route.js:149:13)
    at Route.dispatch (C:\Users\tanya\OneDrive\Desktop\BackendProject\fundo-project\node_modules\express\lib\router\route.js:119:3)
    at Layer.handle [as handle_request] (C:\Users\tanya\OneDrive\Desktop\BackendProject\fundo-project\node_modules\express\lib\router\layer.js:95:5)
    at C:\Users\tanya\OneDrive\Desktop\BackendProject\fundo-project\node_modules\express\lib\router\index.js:284:15
    at Function.process_params (C:\Users\tanya\OneDrive\Desktop\BackendProject\fundo-project\node_modules\express\lib\router\index.js:346:12)
    at next (C:\Users\tanya\OneDrive\Desktop\BackendProject\fundo-project\node_modules\express\lib\router\index.js:280:10)
    at Function.handle (C:\Users\tanya\OneDrive\Desktop\BackendProject\fundo-project\node_modules\express\lib\router\index.js:175:3)
    at router (C:\Users\tanya\OneDrive\Desktop\BackendProject\fundo-project\node_modules\express\lib\router\index.js:47:12)
    at Layer.handle [as handle_request] (C:\Users\tanya\OneDrive\Desktop\BackendProject\fundo-project\node_modules\express\lib\router\layer.js:95:5)
    at trim_prefix (C:\Users\tanya\OneDrive\Desktop\BackendProject\fundo-project\node_modules\express\lib\router\index.js:328:13)
    at C:\Users\tanya\OneDrive\Desktop\BackendProject\fundo-project\node_modules\express\lib\router\index.js:286:9
    at Function.process_params (C:\Users\tanya\OneDrive\Desktop\BackendProject\fundo-project\node_modules\express\lib\router\index.js:346:12)
    at next (C:\Users\tanya\OneDrive\Desktop\BackendProject\fundo-project\node_modules\express\lib\router\index.js:280:10)
    at Function.handle (C:\Users\tanya\OneDrive\Desktop\BackendProject\fundo-project\node_modules\express\lib\router\index.js:175:3)
    at router (C:\Users\tanya\OneDrive\Desktop\BackendProject\fundo-project\node_modules\express\lib\router\index.js:47:12)
    at Layer.handle [as handle_request] (C:\Users\tanya\OneDrive\Desktop\BackendProject\fundo-project\node_modules\express\lib\router\layer.js:95:5)
    at trim_prefix (C:\Users\tanya\OneDrive\Desktop\BackendProject\fundo-project\node_modules\express\lib\router\index.js:328:13)
    at C:\Users\tanya\OneDrive\Desktop\BackendProject\fundo-project\node_modules\express\lib\router\index.js:286:9
    at Function.process_params (C:\Users\tanya\OneDrive\Desktop\BackendProject\fundo-project\node_modules\express\lib\router\index.js:346:12)
    at next (C:\Users\tanya\OneDrive\Desktop\BackendProject\fundo-project\node_modules\express\lib\router\index.js:280:10)
    at logger (C:\Users\tanya\OneDrive\Desktop\BackendProject\fundo-project\node_modules\morgan\index.js:144:5)
    at Layer.handle [as handle_request] (C:\Users\tanya\OneDrive\Desktop\BackendProject\fundo-project\node_modules\express\lib\router\layer.js:95:5)
    at trim_prefix (C:\Users\tanya\OneDrive\Desktop\BackendProject\fundo-project\node_modules\express\lib\router\index.js:328:13)
    at C:\Users\tanya\OneDrive\Desktop\BackendProject\fundo-project\node_modules\express\lib\router\index.js:286:9
    at Function.process_params (C:\Users\tanya\OneDrive\Desktop\BackendProject\fundo-project\node_modules\express\lib\router\index.js:346:12)
    at next (C:\Users\tanya\OneDrive\Desktop\BackendProject\fundo-project\node_modules\express\lib\router\index.js:280:10)
    at C:\Users\tanya\OneDrive\Desktop\BackendProject\fundo-project\node_modules\body-parser\lib\read.js:137:5
    at AsyncResource.runInAsyncScope (node:async_hooks:206:9)
    at invokeCallback (C:\Users\tanya\OneDrive\Desktop\BackendProject\fundo-project\node_modules\raw-body\index.js:238:16)
    at done (C:\Users\tanya\OneDrive\Desktop\BackendProject\fundo-project\node_modules\raw-body\index.js:227:7)
    at IncomingMessage.onEnd (C:\Users\tanya\OneDrive\Desktop\BackendProject\fundo-project\node_modules\raw-body\index.js:287:7)
    at IncomingMessage.emit (node:events:519:28)
    at IncomingMessage.emit (node:domain:488:12)
    at endReadableNT (node:internal/streams/readable:1696:12)
    at processTicksAndRejections (node:internal/process/task_queues:82:21) 
    url - /api/v1/users 
    method - POST 
    IP - ::1
   {"timestamp":"2025-02-10T09:35:02.540Z"}
info: Server started at http://localhost:3000/api/v1/ {"timestamp":"2025-02-10T09:35:57.985Z"}
info: Connected to the database. {"timestamp":"2025-02-10T09:35:58.020Z"}
error: 
    status - 500 
    message - ReferenceError: number is not defined
    at newUserValidator (C:\Users\tanya\OneDrive\Desktop\BackendProject\fundo-project\src\validators\/user.validator.js:7:45)
    at Layer.handle [as handle_request] (C:\Users\tanya\OneDrive\Desktop\BackendProject\fundo-project\node_modules\express\lib\router\layer.js:95:5)
    at next (C:\Users\tanya\OneDrive\Desktop\BackendProject\fundo-project\node_modules\express\lib\router\route.js:149:13)
    at Route.dispatch (C:\Users\tanya\OneDrive\Desktop\BackendProject\fundo-project\node_modules\express\lib\router\route.js:119:3)
    at Layer.handle [as handle_request] (C:\Users\tanya\OneDrive\Desktop\BackendProject\fundo-project\node_modules\express\lib\router\layer.js:95:5)
    at C:\Users\tanya\OneDrive\Desktop\BackendProject\fundo-project\node_modules\express\lib\router\index.js:284:15
    at Function.process_params (C:\Users\tanya\OneDrive\Desktop\BackendProject\fundo-project\node_modules\express\lib\router\index.js:346:12)
    at next (C:\Users\tanya\OneDrive\Desktop\BackendProject\fundo-project\node_modules\express\lib\router\index.js:280:10)
    at Function.handle (C:\Users\tanya\OneDrive\Desktop\BackendProject\fundo-project\node_modules\express\lib\router\index.js:175:3)
    at router (C:\Users\tanya\OneDrive\Desktop\BackendProject\fundo-project\node_modules\express\lib\router\index.js:47:12)
    at Layer.handle [as handle_request] (C:\Users\tanya\OneDrive\Desktop\BackendProject\fundo-project\node_modules\express\lib\router\layer.js:95:5)
    at trim_prefix (C:\Users\tanya\OneDrive\Desktop\BackendProject\fundo-project\node_modules\express\lib\router\index.js:328:13)
    at C:\Users\tanya\OneDrive\Desktop\BackendProject\fundo-project\node_modules\express\lib\router\index.js:286:9
    at Function.process_params (C:\Users\tanya\OneDrive\Desktop\BackendProject\fundo-project\node_modules\express\lib\router\index.js:346:12)
    at next (C:\Users\tanya\OneDrive\Desktop\BackendProject\fundo-project\node_modules\express\lib\router\index.js:280:10)
    at Function.handle (C:\Users\tanya\OneDrive\Desktop\BackendProject\fundo-project\node_modules\express\lib\router\index.js:175:3)
    at router (C:\Users\tanya\OneDrive\Desktop\BackendProject\fundo-project\node_modules\express\lib\router\index.js:47:12)
    at Layer.handle [as handle_request] (C:\Users\tanya\OneDrive\Desktop\BackendProject\fundo-project\node_modules\express\lib\router\layer.js:95:5)
    at trim_prefix (C:\Users\tanya\OneDrive\Desktop\BackendProject\fundo-project\node_modules\express\lib\router\index.js:328:13)
    at C:\Users\tanya\OneDrive\Desktop\BackendProject\fundo-project\node_modules\express\lib\router\index.js:286:9
    at Function.process_params (C:\Users\tanya\OneDrive\Desktop\BackendProject\fundo-project\node_modules\express\lib\router\index.js:346:12)
    at next (C:\Users\tanya\OneDrive\Desktop\BackendProject\fundo-project\node_modules\express\lib\router\index.js:280:10)
    at logger (C:\Users\tanya\OneDrive\Desktop\BackendProject\fundo-project\node_modules\morgan\index.js:144:5)
    at Layer.handle [as handle_request] (C:\Users\tanya\OneDrive\Desktop\BackendProject\fundo-project\node_modules\express\lib\router\layer.js:95:5)
    at trim_prefix (C:\Users\tanya\OneDrive\Desktop\BackendProject\fundo-project\node_modules\express\lib\router\index.js:328:13)
    at C:\Users\tanya\OneDrive\Desktop\BackendProject\fundo-project\node_modules\express\lib\router\index.js:286:9
    at Function.process_params (C:\Users\tanya\OneDrive\Desktop\BackendProject\fundo-project\node_modules\express\lib\router\index.js:346:12)
    at next (C:\Users\tanya\OneDrive\Desktop\BackendProject\fundo-project\node_modules\express\lib\router\index.js:280:10)
    at C:\Users\tanya\OneDrive\Desktop\BackendProject\fundo-project\node_modules\body-parser\lib\read.js:137:5
    at AsyncResource.runInAsyncScope (node:async_hooks:206:9)
    at invokeCallback (C:\Users\tanya\OneDrive\Desktop\BackendProject\fundo-project\node_modules\raw-body\index.js:238:16)
    at done (C:\Users\tanya\OneDrive\Desktop\BackendProject\fundo-project\node_modules\raw-body\index.js:227:7)
    at IncomingMessage.onEnd (C:\Users\tanya\OneDrive\Desktop\BackendProject\fundo-project\node_modules\raw-body\index.js:287:7)
    at IncomingMessage.emit (node:events:519:28)
    at IncomingMessage.emit (node:domain:488:12)
    at endReadableNT (node:internal/streams/readable:1696:12)
    at processTicksAndRejections (node:internal/process/task_queues:82:21) 
    url - /api/v1/users 
    method - POST 
    IP - ::1
   {"timestamp":"2025-02-10T09:36:28.966Z"}
info: Server started at http://localhost:3000/api/v1/ {"timestamp":"2025-02-10T09:37:57.195Z"}
info: Connected to the database. {"timestamp":"2025-02-10T09:37:57.233Z"}
info: Server started at http://localhost:3000/api/v1/ {"timestamp":"2025-02-10T09:38:03.363Z"}
info: Connected to the database. {"timestamp":"2025-02-10T09:38:03.398Z"}
info: Server started at http://localhost:3000/api/v1/ {"timestamp":"2025-02-10T09:38:08.084Z"}
info: Connected to the database. {"timestamp":"2025-02-10T09:38:08.110Z"}
info: Server started at http://localhost:3000/api/v1/ {"timestamp":"2025-02-10T09:40:45.505Z"}
info: Connected to the database. {"timestamp":"2025-02-10T09:40:45.524Z"}
info: Server started at http://localhost:3000/api/v1/ {"timestamp":"2025-02-10T09:44:29.009Z"}
info: Connected to the database. {"timestamp":"2025-02-10T09:44:29.040Z"}
info: Server started at http://localhost:3000/api/v1/ {"timestamp":"2025-02-10T09:47:24.116Z"}
info: Connected to the database. {"timestamp":"2025-02-10T09:47:24.146Z"}
error: 
    status - 500 
    message - ValidationError: "phonenumber" must be a string 
    url - /api/v1/users 
    method - POST 
    IP - ::1
   {"timestamp":"2025-02-10T09:48:04.392Z"}
