info: Server started at http://localhost:3000/api/v1/ {"timestamp":"2025-02-11T04:39:46.832Z"}
info: Connected to the database. {"timestamp":"2025-02-11T04:39:46.852Z"}
error: 
    status - 500 
    message - ValidationError: Password must contain at least one special character 
    url - /api/v1/users 
    method - POST 
    IP - ::1
   {"timestamp":"2025-02-11T04:40:27.731Z"}
info: Server started at http://localhost:3000/api/v1/ {"timestamp":"2025-02-11T04:43:03.471Z"}
info: Connected to the database. {"timestamp":"2025-02-11T04:43:03.487Z"}
error: 
    status - 500 
    message - ValidationError: Password must be at least 8 characters long 
    url - /api/v1/users 
    method - POST 
    IP - ::1
   {"timestamp":"2025-02-11T04:45:14.360Z"}
info: Server started at http://localhost:3000/api/v1/ {"timestamp":"2025-02-11T04:46:32.906Z"}
info: Connected to the database. {"timestamp":"2025-02-11T04:46:32.923Z"}
info: Server started at http://localhost:3000/api/v1/ {"timestamp":"2025-02-11T04:48:28.845Z"}
info: Connected to the database. {"timestamp":"2025-02-11T04:48:28.863Z"}
info: Server started at http://localhost:3000/api/v1/ {"timestamp":"2025-02-11T04:49:49.591Z"}
info: Connected to the database. {"timestamp":"2025-02-11T04:49:49.607Z"}
info: Server started at http://localhost:3000/api/v1/ {"timestamp":"2025-02-11T04:49:52.198Z"}
info: Connected to the database. {"timestamp":"2025-02-11T04:49:52.219Z"}
info: Server started at http://localhost:3000/api/v1/ {"timestamp":"2025-02-11T04:50:00.249Z"}
info: Connected to the database. {"timestamp":"2025-02-11T04:50:00.271Z"}
info: Server started at http://localhost:3000/api/v1/ {"timestamp":"2025-02-11T04:50:05.835Z"}
info: Connected to the database. {"timestamp":"2025-02-11T04:50:05.853Z"}
info: Server started at http://localhost:3000/api/v1/ {"timestamp":"2025-02-11T04:50:12.238Z"}
info: Connected to the database. {"timestamp":"2025-02-11T04:50:12.255Z"}
info: Server started at http://localhost:3000/api/v1/ {"timestamp":"2025-02-11T04:50:19.700Z"}
info: Connected to the database. {"timestamp":"2025-02-11T04:50:19.716Z"}
info: Server started at http://localhost:3000/api/v1/ {"timestamp":"2025-02-11T04:50:54.613Z"}
info: Connected to the database. {"timestamp":"2025-02-11T04:50:54.644Z"}
info: Server started at http://localhost:3000/api/v1/ {"timestamp":"2025-02-11T04:50:58.595Z"}
info: Connected to the database. {"timestamp":"2025-02-11T04:50:58.616Z"}
info: Server started at http://localhost:3000/api/v1/ {"timestamp":"2025-02-11T04:51:01.759Z"}
info: Connected to the database. {"timestamp":"2025-02-11T04:51:01.782Z"}
info: Server started at http://localhost:3000/api/v1/ {"timestamp":"2025-02-11T04:54:02.539Z"}
info: Connected to the database. {"timestamp":"2025-02-11T04:54:02.567Z"}
info: Server started at http://localhost:3000/api/v1/ {"timestamp":"2025-02-11T05:04:30.818Z"}
info: Connected to the database. {"timestamp":"2025-02-11T05:04:30.836Z"}
info: Server started at http://localhost:3000/api/v1/ {"timestamp":"2025-02-11T05:05:23.393Z"}
info: Connected to the database. {"timestamp":"2025-02-11T05:05:23.418Z"}
info: Server started at http://localhost:3000/api/v1/ {"timestamp":"2025-02-11T05:05:30.395Z"}
info: Connected to the database. {"timestamp":"2025-02-11T05:05:30.416Z"}
info: Server started at http://localhost:3000/api/v1/ {"timestamp":"2025-02-11T05:05:40.173Z"}
info: Connected to the database. {"timestamp":"2025-02-11T05:05:40.189Z"}
info: Server started at http://localhost:3000/api/v1/ {"timestamp":"2025-02-11T05:06:05.064Z"}
info: Connected to the database. {"timestamp":"2025-02-11T05:06:05.081Z"}
info: Server started at http://localhost:3000/api/v1/ {"timestamp":"2025-02-11T05:06:08.082Z"}
info: Connected to the database. {"timestamp":"2025-02-11T05:06:08.099Z"}
info: Server started at http://localhost:3000/api/v1/ {"timestamp":"2025-02-11T05:33:41.523Z"}
info: Connected to the database. {"timestamp":"2025-02-11T05:33:41.540Z"}
info: Server started at http://localhost:3000/api/v1/ {"timestamp":"2025-02-11T05:37:31.796Z"}
info: Connected to the database. {"timestamp":"2025-02-11T05:37:31.821Z"}
info: Server started at http://localhost:3000/api/v1/ {"timestamp":"2025-02-11T05:37:37.668Z"}
info: Connected to the database. {"timestamp":"2025-02-11T05:37:37.687Z"}
info: Server started at http://localhost:3000/api/v1/ {"timestamp":"2025-02-11T05:37:41.146Z"}
info: Connected to the database. {"timestamp":"2025-02-11T05:37:41.204Z"}
info: Server started at http://localhost:3000/api/v1/ {"timestamp":"2025-02-11T05:37:45.880Z"}
info: Connected to the database. {"timestamp":"2025-02-11T05:37:45.902Z"}
info: Server started at http://localhost:3000/api/v1/ {"timestamp":"2025-02-11T05:38:29.114Z"}
info: Connected to the database. {"timestamp":"2025-02-11T05:38:29.144Z"}
info: Server started at http://localhost:3000/api/v1/ {"timestamp":"2025-02-11T05:49:41.065Z"}
info: Connected to the database. {"timestamp":"2025-02-11T05:49:41.089Z"}
info: Server started at http://localhost:3000/api/v1/ {"timestamp":"2025-02-11T05:50:52.880Z"}
info: Connected to the database. {"timestamp":"2025-02-11T05:50:52.901Z"}
info: Server started at http://localhost:3000/api/v1/ {"timestamp":"2025-02-11T06:24:59.566Z"}
error: Could not connect to the database. options usefindandmodify, usecreateindex are not supported {"errorLabelSet":{},"stack":"MongoParseError: options usefindandmodify, usecreateindex are not supported\n    at parseOptions (C:\\Users\\tanya\\OneDrive\\Desktop\\BackendProject\\fundo-project\\node_modules\\mongodb\\src\\connection_string.ts:374:11)\n    at new MongoClient (C:\\Users\\tanya\\OneDrive\\Desktop\\BackendProject\\fundo-project\\node_modules\\mongodb\\src\\mongo_client.ts:385:32)\n    at NativeConnection.createClient (C:\\Users\\tanya\\OneDrive\\Desktop\\BackendProject\\fundo-project\\node_modules\\mongoose\\lib\\drivers\\node-mongodb-native\\connection.js:328:14)\n    at NativeConnection.openUri (C:\\Users\\tanya\\OneDrive\\Desktop\\BackendProject\\fundo-project\\node_modules\\mongoose\\lib\\connection.js:1060:34)\n    at Mongoose.connect (C:\\Users\\tanya\\OneDrive\\Desktop\\BackendProject\\fundo-project\\node_modules\\mongoose\\lib\\mongoose.js:446:15)\n    at _callee$ (C:\\Users\\tanya\\OneDrive\\Desktop\\BackendProject\\fundo-project\\src\\config\\/database.js:13:20)\n    at tryCatch (C:\\Users\\tanya\\OneDrive\\Desktop\\BackendProject\\fundo-project\\node_modules\\@babel\\runtime\\helpers\\regeneratorRuntime.js:45:16)\n    at Generator.<anonymous> (C:\\Users\\tanya\\OneDrive\\Desktop\\BackendProject\\fundo-project\\node_modules\\@babel\\runtime\\helpers\\regeneratorRuntime.js:133:17)\n    at Generator.next (C:\\Users\\tanya\\OneDrive\\Desktop\\BackendProject\\fundo-project\\node_modules\\@babel\\runtime\\helpers\\regeneratorRuntime.js:74:21)\n    at asyncGeneratorStep (C:\\Users\\tanya\\OneDrive\\Desktop\\BackendProject\\fundo-project\\node_modules\\@babel\\runtime\\helpers\\asyncToGenerator.js:3:17)\n    at _next (C:\\Users\\tanya\\OneDrive\\Desktop\\BackendProject\\fundo-project\\node_modules\\@babel\\runtime\\helpers\\asyncToGenerator.js:17:9)\n    at C:\\Users\\tanya\\OneDrive\\Desktop\\BackendProject\\fundo-project\\node_modules\\@babel\\runtime\\helpers\\asyncToGenerator.js:22:7\n    at new Promise (<anonymous>)\n    at apply (C:\\Users\\tanya\\OneDrive\\Desktop\\BackendProject\\fundo-project\\node_modules\\@babel\\runtime\\helpers\\asyncToGenerator.js:14:12)\n    at database (C:\\Users\\tanya\\OneDrive\\Desktop\\BackendProject\\fundo-project\\src\\config\\/database.js:5:15)\n    at Object.<anonymous> (C:\\Users\\tanya\\OneDrive\\Desktop\\BackendProject\\fundo-project\\src\\/index.js:30:9)\n    at Module._compile (node:internal/modules/cjs/loader:1358:14)\n    at Module._compile (C:\\Users\\tanya\\OneDrive\\Desktop\\BackendProject\\fundo-project\\node_modules\\pirates\\lib\\index.js:117:24)\n    at Module._extensions..js (node:internal/modules/cjs/loader:1416:10)\n    at Object.newLoader [as .js] (C:\\Users\\tanya\\OneDrive\\Desktop\\BackendProject\\fundo-project\\node_modules\\pirates\\lib\\index.js:121:7)\n    at Module.load (node:internal/modules/cjs/loader:1208:32)\n    at Function.Module._load (node:internal/modules/cjs/loader:1024:12)\n    at Function.runMain (node:internal/modules/run_main:174:12)\n    at Object.<anonymous> (C:\\Users\\tanya\\OneDrive\\Desktop\\BackendProject\\fundo-project\\node_modules\\@babel\\node\\src\\_babel-node.ts:159:12)\n    at Module._compile (node:internal/modules/cjs/loader:1358:14)\n    at Object.Module._extensions..js (node:internal/modules/cjs/loader:1416:10)\n    at Module.load (node:internal/modules/cjs/loader:1208:32)\n    at Function.Module._load (node:internal/modules/cjs/loader:1024:12)\n    at Function.executeUserEntryPoint [as runMain] (node:internal/modules/run_main:174:12)\n    at node:internal/main/run_main_module:28:49","timestamp":"2025-02-11T06:24:59.583Z"}
info: Server started at http://localhost:3000/api/v1/ {"timestamp":"2025-02-11T06:26:34.687Z"}
info: Connected to the database. {"timestamp":"2025-02-11T06:26:34.706Z"}
info: Server started at http://localhost:3000/api/v1/ {"timestamp":"2025-02-11T06:27:21.849Z"}
info: Connected to the database. {"timestamp":"2025-02-11T06:27:21.866Z"}
info: Connected to the database. {"timestamp":"2025-02-11T07:52:27.505Z"}
info: Server started at http://localhost:3000/api/v1/ {"timestamp":"2025-02-11T07:53:12.307Z"}
info: Connected to the database. {"timestamp":"2025-02-11T07:53:12.328Z"}
info: Server started at http://localhost:3000/api/v1/ {"timestamp":"2025-02-11T07:57:01.821Z"}
info: Connected to the database. {"timestamp":"2025-02-11T07:57:01.855Z"}
info: Server started at http://localhost:3000/api/v1/ {"timestamp":"2025-02-11T07:57:45.800Z"}
info: Connected to the database. {"timestamp":"2025-02-11T07:57:45.833Z"}
info: Server started at http://localhost:3000/api/v1/ {"timestamp":"2025-02-11T08:11:27.464Z"}
info: Connected to the database. {"timestamp":"2025-02-11T08:11:27.493Z"}
info: Server started at http://localhost:3000/api/v1/ {"timestamp":"2025-02-11T08:13:13.246Z"}
info: Connected to the database. {"timestamp":"2025-02-11T08:13:13.264Z"}
info: Server started at http://localhost:3000/api/v1/ {"timestamp":"2025-02-11T08:16:46.606Z"}
info: Connected to the database. {"timestamp":"2025-02-11T08:16:46.644Z"}
info: Server started at http://localhost:3000/api/v1/ {"timestamp":"2025-02-11T08:17:29.054Z"}
info: Connected to the database. {"timestamp":"2025-02-11T08:17:29.081Z"}
info: Server started at http://localhost:3000/api/v1/ {"timestamp":"2025-02-11T08:17:33.038Z"}
info: Connected to the database. {"timestamp":"2025-02-11T08:17:33.065Z"}
info: Server started at http://localhost:3000/api/v1/ {"timestamp":"2025-02-11T08:17:38.698Z"}
info: Connected to the database. {"timestamp":"2025-02-11T08:17:38.721Z"}
info: Server started at http://localhost:3000/api/v1/ {"timestamp":"2025-02-11T08:17:51.571Z"}
info: Connected to the database. {"timestamp":"2025-02-11T08:17:51.587Z"}
info: Server started at http://localhost:3000/api/v1/ {"timestamp":"2025-02-11T08:22:00.508Z"}
info: Connected to the database. {"timestamp":"2025-02-11T08:22:00.552Z"}
info: Server started at http://localhost:3000/api/v1/ {"timestamp":"2025-02-11T08:22:05.420Z"}
info: Connected to the database. {"timestamp":"2025-02-11T08:22:05.436Z"}
info: Server started at http://localhost:3000/api/v1/ {"timestamp":"2025-02-11T08:22:11.965Z"}
info: Connected to the database. {"timestamp":"2025-02-11T08:22:11.985Z"}
info: Server started at http://localhost:3000/api/v1/ {"timestamp":"2025-02-11T08:22:21.426Z"}
info: Connected to the database. {"timestamp":"2025-02-11T08:22:21.452Z"}
info: Server started at http://localhost:3000/api/v1/ {"timestamp":"2025-02-11T08:25:02.717Z"}
info: Connected to the database. {"timestamp":"2025-02-11T08:25:02.739Z"}
info: Server started at http://localhost:3000/api/v1/ {"timestamp":"2025-02-11T08:28:17.366Z"}
info: Connected to the database. {"timestamp":"2025-02-11T08:28:17.383Z"}
info: Server started at http://localhost:3000/api/v1/ {"timestamp":"2025-02-11T08:28:23.445Z"}
info: Connected to the database. {"timestamp":"2025-02-11T08:28:23.464Z"}
info: Server started at http://localhost:3000/api/v1/ {"timestamp":"2025-02-11T08:28:41.106Z"}
info: Connected to the database. {"timestamp":"2025-02-11T08:28:41.127Z"}
info: Server started at http://localhost:3000/api/v1/ {"timestamp":"2025-02-11T08:29:00.477Z"}
info: Connected to the database. {"timestamp":"2025-02-11T08:29:00.511Z"}
info: Server started at http://localhost:3000/api/v1/ {"timestamp":"2025-02-11T08:29:05.807Z"}
info: Connected to the database. {"timestamp":"2025-02-11T08:29:05.836Z"}
info: Server started at http://localhost:3000/api/v1/ {"timestamp":"2025-02-11T08:29:12.188Z"}
info: Connected to the database. {"timestamp":"2025-02-11T08:29:12.209Z"}
info: Server started at http://localhost:3000/api/v1/ {"timestamp":"2025-02-11T08:29:20.820Z"}
info: Connected to the database. {"timestamp":"2025-02-11T08:29:20.844Z"}
info: Server started at http://localhost:3000/api/v1/ {"timestamp":"2025-02-11T08:29:34.270Z"}
info: Connected to the database. {"timestamp":"2025-02-11T08:29:34.307Z"}
info: Server started at http://localhost:3000/api/v1/ {"timestamp":"2025-02-11T08:33:06.738Z"}
info: Connected to the database. {"timestamp":"2025-02-11T08:33:06.753Z"}
info: Server started at http://localhost:3000/api/v1/ {"timestamp":"2025-02-11T08:34:10.591Z"}
info: Connected to the database. {"timestamp":"2025-02-11T08:34:10.629Z"}
info: Server started at http://localhost:3000/api/v1/ {"timestamp":"2025-02-11T08:35:39.507Z"}
info: Connected to the database. {"timestamp":"2025-02-11T08:35:39.526Z"}
info: Server started at http://localhost:3000/api/v1/ {"timestamp":"2025-02-11T08:35:49.047Z"}
info: Connected to the database. {"timestamp":"2025-02-11T08:35:49.065Z"}
info: Server started at http://localhost:3000/api/v1/ {"timestamp":"2025-02-11T08:35:58.214Z"}
info: Connected to the database. {"timestamp":"2025-02-11T08:35:58.241Z"}
info: Server started at http://localhost:3000/api/v1/ {"timestamp":"2025-02-11T08:36:09.489Z"}
info: Connected to the database. {"timestamp":"2025-02-11T08:36:09.522Z"}
info: Server started at http://localhost:3000/api/v1/ {"timestamp":"2025-02-11T08:40:31.738Z"}
info: Connected to the database. {"timestamp":"2025-02-11T08:40:31.754Z"}
info: Server started at http://localhost:3000/api/v1/ {"timestamp":"2025-02-11T08:40:50.486Z"}
info: Connected to the database. {"timestamp":"2025-02-11T08:40:50.512Z"}
info: Server started at http://localhost:3000/api/v1/ {"timestamp":"2025-02-11T08:40:57.391Z"}
info: Connected to the database. {"timestamp":"2025-02-11T08:40:57.437Z"}
info: Server started at http://localhost:3000/api/v1/ {"timestamp":"2025-02-11T08:42:12.692Z"}
info: Connected to the database. {"timestamp":"2025-02-11T08:42:12.713Z"}
info: Server started at http://localhost:3000/api/v1/ {"timestamp":"2025-02-11T08:42:22.748Z"}
info: Connected to the database. {"timestamp":"2025-02-11T08:42:22.766Z"}
info: Server started at http://localhost:3000/api/v1/ {"timestamp":"2025-02-11T08:42:29.443Z"}
info: Connected to the database. {"timestamp":"2025-02-11T08:42:29.494Z"}
info: Server started at http://localhost:3000/api/v1/ {"timestamp":"2025-02-11T08:46:36.957Z"}
info: Connected to the database. {"timestamp":"2025-02-11T08:46:36.981Z"}
info: Server started at http://localhost:3000/api/v1/ {"timestamp":"2025-02-11T09:04:55.846Z"}
info: Connected to the database. {"timestamp":"2025-02-11T09:04:55.871Z"}
info: Server started at http://localhost:3000/api/v1/ {"timestamp":"2025-02-11T09:17:46.230Z"}
info: Connected to the database. {"timestamp":"2025-02-11T09:17:46.259Z"}
info: Server started at http://localhost:3000/api/v1/ {"timestamp":"2025-02-11T09:17:54.654Z"}
info: Connected to the database. {"timestamp":"2025-02-11T09:17:54.677Z"}
info: Server started at http://localhost:3000/api/v1/ {"timestamp":"2025-02-11T09:18:00.425Z"}
info: Connected to the database. {"timestamp":"2025-02-11T09:18:00.449Z"}
info: Server started at http://localhost:3000/api/v1/ {"timestamp":"2025-02-11T09:18:14.620Z"}
info: Connected to the database. {"timestamp":"2025-02-11T09:18:14.639Z"}
info: Server started at http://localhost:3000/api/v1/ {"timestamp":"2025-02-11T09:18:24.465Z"}
info: Connected to the database. {"timestamp":"2025-02-11T09:18:24.488Z"}
info: Server started at http://localhost:3000/api/v1/ {"timestamp":"2025-02-11T09:18:33.903Z"}
info: Connected to the database. {"timestamp":"2025-02-11T09:18:33.936Z"}
info: Server started at http://localhost:3000/api/v1/ {"timestamp":"2025-02-11T09:18:56.218Z"}
info: Connected to the database. {"timestamp":"2025-02-11T09:18:56.256Z"}
info: Server started at http://localhost:3000/api/v1/ {"timestamp":"2025-02-11T09:19:01.156Z"}
info: Connected to the database. {"timestamp":"2025-02-11T09:19:01.176Z"}
info: Server started at http://localhost:3000/api/v1/ {"timestamp":"2025-02-11T09:19:05.832Z"}
info: Connected to the database. {"timestamp":"2025-02-11T09:19:05.860Z"}
info: Server started at http://localhost:3000/api/v1/ {"timestamp":"2025-02-11T09:20:29.650Z"}
info: Connected to the database. {"timestamp":"2025-02-11T09:20:29.698Z"}
info: Server started at http://localhost:3000/api/v1/ {"timestamp":"2025-02-11T09:20:34.838Z"}
info: Connected to the database. {"timestamp":"2025-02-11T09:20:34.860Z"}
info: Server started at http://localhost:3000/api/v1/ {"timestamp":"2025-02-11T09:20:46.522Z"}
info: Connected to the database. {"timestamp":"2025-02-11T09:20:46.543Z"}
info: Server started at http://localhost:3000/api/v1/ {"timestamp":"2025-02-11T09:20:51.515Z"}
info: Connected to the database. {"timestamp":"2025-02-11T09:20:51.552Z"}
info: Server started at http://localhost:3000/api/v1/ {"timestamp":"2025-02-11T09:20:55.739Z"}
info: Server started at http://localhost:3000/api/v1/ {"timestamp":"2025-02-11T09:20:58.840Z"}
info: Connected to the database. {"timestamp":"2025-02-11T09:20:58.864Z"}
info: Server started at http://localhost:3000/api/v1/ {"timestamp":"2025-02-11T09:21:10.884Z"}
info: Connected to the database. {"timestamp":"2025-02-11T09:21:10.922Z"}
info: Server started at http://localhost:3000/api/v1/ {"timestamp":"2025-02-11T09:21:16.767Z"}
info: Connected to the database. {"timestamp":"2025-02-11T09:21:16.802Z"}
info: Server started at http://localhost:3000/api/v1/ {"timestamp":"2025-02-11T09:21:20.163Z"}
info: Connected to the database. {"timestamp":"2025-02-11T09:21:20.181Z"}
info: Server started at http://localhost:3000/api/v1/ {"timestamp":"2025-02-11T09:21:29.569Z"}
info: Connected to the database. {"timestamp":"2025-02-11T09:21:29.596Z"}
info: Server started at http://localhost:3000/api/v1/ {"timestamp":"2025-02-11T09:21:33.193Z"}
info: Connected to the database. {"timestamp":"2025-02-11T09:21:33.212Z"}
info: Server started at http://localhost:3000/api/v1/ {"timestamp":"2025-02-11T09:21:42.851Z"}
info: Connected to the database. {"timestamp":"2025-02-11T09:21:42.881Z"}
info: Server started at http://localhost:3000/api/v1/ {"timestamp":"2025-02-11T09:21:55.230Z"}
info: Connected to the database. {"timestamp":"2025-02-11T09:21:55.257Z"}
info: Server started at http://localhost:3000/api/v1/ {"timestamp":"2025-02-11T09:22:08.747Z"}
info: Connected to the database. {"timestamp":"2025-02-11T09:22:08.767Z"}
info: Server started at http://localhost:3000/api/v1/ {"timestamp":"2025-02-11T09:22:12.444Z"}
info: Connected to the database. {"timestamp":"2025-02-11T09:22:12.477Z"}
info: Server started at http://localhost:3000/api/v1/ {"timestamp":"2025-02-11T09:22:17.081Z"}
info: Connected to the database. {"timestamp":"2025-02-11T09:22:17.102Z"}
info: Server started at http://localhost:3000/api/v1/ {"timestamp":"2025-02-11T09:22:26.162Z"}
info: Connected to the database. {"timestamp":"2025-02-11T09:22:26.179Z"}
info: Server started at http://localhost:3000/api/v1/ {"timestamp":"2025-02-11T09:23:14.438Z"}
info: Connected to the database. {"timestamp":"2025-02-11T09:23:14.482Z"}
info: Server started at http://localhost:3000/api/v1/ {"timestamp":"2025-02-11T09:23:22.737Z"}
info: Connected to the database. {"timestamp":"2025-02-11T09:23:22.753Z"}
info: Server started at http://localhost:3000/api/v1/ {"timestamp":"2025-02-11T09:23:38.438Z"}
info: Connected to the database. {"timestamp":"2025-02-11T09:23:38.475Z"}
info: Server started at http://localhost:3000/api/v1/ {"timestamp":"2025-02-11T09:25:18.742Z"}
info: Connected to the database. {"timestamp":"2025-02-11T09:25:18.766Z"}
info: Server started at http://localhost:3000/api/v1/ {"timestamp":"2025-02-11T09:25:22.622Z"}
info: Connected to the database. {"timestamp":"2025-02-11T09:25:22.655Z"}
info: Server started at http://localhost:3000/api/v1/ {"timestamp":"2025-02-11T09:26:22.317Z"}
info: Connected to the database. {"timestamp":"2025-02-11T09:26:22.349Z"}
info: Server started at http://localhost:3000/api/v1/ {"timestamp":"2025-02-11T09:26:43.796Z"}
info: Connected to the database. {"timestamp":"2025-02-11T09:26:43.832Z"}
info: Server started at http://localhost:3000/api/v1/ {"timestamp":"2025-02-11T09:31:09.069Z"}
info: Connected to the database. {"timestamp":"2025-02-11T09:31:09.087Z"}
info: Server started at http://localhost:3000/api/v1/ {"timestamp":"2025-02-11T09:31:24.400Z"}
info: Connected to the database. {"timestamp":"2025-02-11T09:31:24.418Z"}
info: Server started at http://localhost:3000/api/v1/ {"timestamp":"2025-02-11T09:58:54.722Z"}
info: Connected to the database. {"timestamp":"2025-02-11T09:58:54.746Z"}
info: Server started at http://localhost:3000/api/v1/ {"timestamp":"2025-02-11T09:59:38.815Z"}
info: Connected to the database. {"timestamp":"2025-02-11T09:59:38.838Z"}
info: Server started at http://localhost:3000/api/v1/ {"timestamp":"2025-02-11T09:59:47.072Z"}
info: Connected to the database. {"timestamp":"2025-02-11T09:59:47.091Z"}
info: Server started at http://localhost:3000/api/v1/ {"timestamp":"2025-02-11T10:00:20.402Z"}
info: Connected to the database. {"timestamp":"2025-02-11T10:00:20.428Z"}
info: Server started at http://localhost:3000/api/v1/ {"timestamp":"2025-02-11T10:00:25.218Z"}
info: Connected to the database. {"timestamp":"2025-02-11T10:00:25.242Z"}
info: Server started at http://localhost:3000/api/v1/ {"timestamp":"2025-02-11T10:00:30.185Z"}
info: Connected to the database. {"timestamp":"2025-02-11T10:00:30.210Z"}
info: Server started at http://localhost:3000/api/v1/ {"timestamp":"2025-02-11T10:00:47.210Z"}
info: Connected to the database. {"timestamp":"2025-02-11T10:00:47.227Z"}
info: Server started at http://localhost:3000/api/v1/ {"timestamp":"2025-02-11T10:00:53.687Z"}
info: Connected to the database. {"timestamp":"2025-02-11T10:00:53.713Z"}
info: Server started at http://localhost:3000/api/v1/ {"timestamp":"2025-02-11T10:01:02.001Z"}
info: Connected to the database. {"timestamp":"2025-02-11T10:01:02.031Z"}
info: Server started at http://localhost:3000/api/v1/ {"timestamp":"2025-02-11T10:01:06.311Z"}
info: Connected to the database. {"timestamp":"2025-02-11T10:01:06.343Z"}
info: Server started at http://localhost:3000/api/v1/ {"timestamp":"2025-02-11T10:01:15.425Z"}
info: Connected to the database. {"timestamp":"2025-02-11T10:01:15.446Z"}
info: Server started at http://localhost:3000/api/v1/ {"timestamp":"2025-02-11T10:01:20.258Z"}
info: Connected to the database. {"timestamp":"2025-02-11T10:01:20.274Z"}
info: Server started at http://localhost:3000/api/v1/ {"timestamp":"2025-02-11T10:01:25.935Z"}
info: Connected to the database. {"timestamp":"2025-02-11T10:01:25.955Z"}
info: Server started at http://localhost:3000/api/v1/ {"timestamp":"2025-02-11T10:01:31.224Z"}
info: Connected to the database. {"timestamp":"2025-02-11T10:01:31.244Z"}
info: Server started at http://localhost:3000/api/v1/ {"timestamp":"2025-02-11T10:01:36.306Z"}
info: Connected to the database. {"timestamp":"2025-02-11T10:01:36.328Z"}
info: Server started at http://localhost:3000/api/v1/ {"timestamp":"2025-02-11T10:01:45.036Z"}
info: Connected to the database. {"timestamp":"2025-02-11T10:01:45.057Z"}
info: Server started at http://localhost:3000/api/v1/ {"timestamp":"2025-02-11T10:01:59.551Z"}
info: Connected to the database. {"timestamp":"2025-02-11T10:01:59.584Z"}
info: Server started at http://localhost:3000/api/v1/ {"timestamp":"2025-02-11T10:02:05.735Z"}
info: Connected to the database. {"timestamp":"2025-02-11T10:02:05.776Z"}
info: Server started at http://localhost:3000/api/v1/ {"timestamp":"2025-02-11T10:02:13.600Z"}
info: Connected to the database. {"timestamp":"2025-02-11T10:02:13.619Z"}
info: Server started at http://localhost:3000/api/v1/ {"timestamp":"2025-02-11T10:02:19.057Z"}
info: Connected to the database. {"timestamp":"2025-02-11T10:02:19.075Z"}
info: Server started at http://localhost:3000/api/v1/ {"timestamp":"2025-02-11T10:03:17.305Z"}
info: Connected to the database. {"timestamp":"2025-02-11T10:03:17.327Z"}
info: Server started at http://localhost:3000/api/v1/ {"timestamp":"2025-02-11T10:18:08.490Z"}
info: Connected to the database. {"timestamp":"2025-02-11T10:18:08.526Z"}
info: Server started at http://localhost:3000/api/v1/ {"timestamp":"2025-02-11T10:19:16.169Z"}
info: Connected to the database. {"timestamp":"2025-02-11T10:19:16.189Z"}
info: Server started at http://localhost:3000/api/v1/ {"timestamp":"2025-02-11T10:19:19.844Z"}
info: Connected to the database. {"timestamp":"2025-02-11T10:19:19.873Z"}
info: Server started at http://localhost:3000/api/v1/ {"timestamp":"2025-02-11T17:46:27.250Z"}
info: Connected to the database. {"timestamp":"2025-02-11T17:46:27.264Z"}
info: Server started at http://localhost:3000/api/v1/ {"timestamp":"2025-02-11T17:59:14.477Z"}
info: Connected to the database. {"timestamp":"2025-02-11T17:59:14.496Z"}
info: Server started at http://localhost:3000/api/v1/ {"timestamp":"2025-02-11T18:03:33.132Z"}
info: Connected to the database. {"timestamp":"2025-02-11T18:03:33.145Z"}
info: Server started at localhost:3000/api/v1/ {"timestamp":"2025-02-11T18:19:55.537Z"}
info: Connected to the database. {"timestamp":"2025-02-11T18:19:55.552Z"}
info: Server started at localhost:3000/api/v1/ {"timestamp":"2025-02-11T18:22:39.019Z"}
info: Connected to the database. {"timestamp":"2025-02-11T18:22:39.033Z"}
info: Server started at http://localhost:3000/api/v1/ {"timestamp":"2025-02-11T18:29:45.108Z"}
info: Connected to the database. {"timestamp":"2025-02-11T18:29:45.124Z"}
