info: ::1 - - [10/Feb/2025:05:02:48 +0000] "POST /api/v1/users HTTP/1.1" 201 193 "-" "PostmanRuntime/7.35.0"

info: ::1 - - [10/Feb/2025:07:46:47 +0000] "POST /api/v1/users HTTP/1.1" 500 56 "-" "PostmanRuntime/7.35.0"

info: ::1 - - [10/Feb/2025:07:47:27 +0000] "POST /api/v1/users HTTP/1.1" 201 222 "-" "PostmanRuntime/7.35.0"

info: ::1 - - [10/Feb/2025:07:47:55 +0000] "GET /api/v1/users/67a9af0fd4083a70d0aa1dc3 HTTP/1.1" 400 56 "-" "PostmanRuntime/7.35.0"

info: ::1 - - [10/Feb/2025:07:50:27 +0000] "GET /api/v1/users/67a9af0fd4083a70d0aa1dc3 HTTP/1.1" 400 56 "-" "PostmanRuntime/7.43.0"

info: ::1 - - [10/Feb/2025:08:01:03 +0000] "GET /api/v1/users/67a9af0fd4083a70d0aa1dc3 HTTP/1.1" 400 56 "-" "PostmanRuntime/7.43.0"

info: ::1 - - [10/Feb/2025:08:05:26 +0000] "GET /api/v1/users/67a9af0fd4083a70d0aa1dc3 HTTP/1.1" 400 56 "-" "PostmanRuntime/7.43.0"

info: ::1 - - [10/Feb/2025:08:05:36 +0000] "GET /api/v1/users HTTP/1.1" 200 365 "-" "PostmanRuntime/7.43.0"

info: ::1 - - [10/Feb/2025:08:06:10 +0000] "GET /api/v1/users/67a98878c0ff916f9862fc8c HTTP/1.1" 400 56 "-" "PostmanRuntime/7.43.0"

info: ::1 - - [10/Feb/2025:08:08:26 +0000] "GET /api/v1/users/67a98878c0ff916f9862fc8c HTTP/1.1" 200 193 "-" "PostmanRuntime/7.43.0"

info: ::1 - - [10/Feb/2025:09:20:44 +0000] "GET /api/v1/users HTTP/1.1" 404 47 "-" "PostmanRuntime/7.43.0"

info: ::1 - - [10/Feb/2025:09:24:24 +0000] "GET /api/v1/users HTTP/1.1" 404 47 "-" "PostmanRuntime/7.43.0"

info: ::ffff:127.0.0.1 - - [10/Feb/2025:09:31:03 +0000] "GET /api/v1/users HTTP/1.1" 404 47 "-" "PostmanRuntime/7.43.0"

info: ::1 - - [10/Feb/2025:09:31:32 +0000] "POST /api/v1/users HTTP/1.1" 500 69 "-" "PostmanRuntime/7.43.0"

info: ::1 - - [10/Feb/2025:09:32:37 +0000] "POST /api/v1/users HTTP/1.1" 500 69 "-" "PostmanRuntime/7.43.0"

info: ::1 - - [10/Feb/2025:09:35:02 +0000] "POST /api/v1/users HTTP/1.1" 500 69 "-" "PostmanRuntime/7.43.0"

info: ::1 - - [10/Feb/2025:09:36:28 +0000] "POST /api/v1/users HTTP/1.1" 500 56 "-" "PostmanRuntime/7.43.0"

error: uncaughtException: User validation failed: phonenumber: Path `phonenumber` is required.
ValidationError: User validation failed: phonenumber: Path `phonenumber` is required.
    at model.Document.invalidate (C:\Users\tanya\OneDrive\Desktop\BackendProject\fundo-project\node_modules\mongoose\lib\document.js:2788:32)
    at C:\Users\tanya\OneDrive\Desktop\BackendProject\fundo-project\node_modules\mongoose\lib\document.js:2580:17
    at C:\Users\tanya\OneDrive\Desktop\BackendProject\fundo-project\node_modules\mongoose\lib\schematype.js:1273:9
    at processTicksAndRejections (node:internal/process/task_queues:77:11) {"date":"Mon Feb 10 2025 15:08:40 GMT+0530 (India Standard Time)","error":{"_message":"User validation failed","errors":{"phonenumber":{"kind":"required","message":"Path `phonenumber` is required.","name":"ValidatorError","path":"phonenumber","properties":{"message":"Path `phonenumber` is required.","path":"phonenumber","type":"required"}}},"message":"User validation failed: phonenumber: Path `phonenumber` is required.","name":"ValidationError"},"exception":true,"os":{"loadavg":[0,0,0],"uptime":318186.843},"process":{"argv":["node","C:\\Users\\tanya\\OneDrive\\Desktop\\BackendProject\\fundo-project\\src\\index.js"],"cwd":"C:\\Users\\tanya\\OneDrive\\Desktop\\BackendProject\\fundo-project","execPath":"C:\\Program Files\\nodejs\\node.exe","gid":null,"memoryUsage":{"arrayBuffers":18270646,"external":21247730,"heapTotal":46432256,"heapUsed":43401592,"rss":86765568},"pid":30412,"uid":null,"version":"v20.13.1"},"stack":"ValidationError: User validation failed: phonenumber: Path `phonenumber` is required.\n    at model.Document.invalidate (C:\\Users\\tanya\\OneDrive\\Desktop\\BackendProject\\fundo-project\\node_modules\\mongoose\\lib\\document.js:2788:32)\n    at C:\\Users\\tanya\\OneDrive\\Desktop\\BackendProject\\fundo-project\\node_modules\\mongoose\\lib\\document.js:2580:17\n    at C:\\Users\\tanya\\OneDrive\\Desktop\\BackendProject\\fundo-project\\node_modules\\mongoose\\lib\\schematype.js:1273:9\n    at processTicksAndRejections (node:internal/process/task_queues:77:11)","trace":[{"column":32,"file":"C:\\Users\\tanya\\OneDrive\\Desktop\\BackendProject\\fundo-project\\node_modules\\mongoose\\lib\\document.js","function":"model.Document.invalidate","line":2788,"method":"invalidate","native":false},{"column":17,"file":"C:\\Users\\tanya\\OneDrive\\Desktop\\BackendProject\\fundo-project\\node_modules\\mongoose\\lib\\document.js","function":null,"line":2580,"method":null,"native":false},{"column":9,"file":"C:\\Users\\tanya\\OneDrive\\Desktop\\BackendProject\\fundo-project\\node_modules\\mongoose\\lib\\schematype.js","function":null,"line":1273,"method":null,"native":false},{"column":11,"file":"node:internal/process/task_queues","function":"processTicksAndRejections","line":77,"method":null,"native":false}]}
error: uncaughtException: User validation failed: phonenumber: Path `phonenumber` is required.
ValidationError: User validation failed: phonenumber: Path `phonenumber` is required.
    at model.Document.invalidate (C:\Users\tanya\OneDrive\Desktop\BackendProject\fundo-project\node_modules\mongoose\lib\document.js:2788:32)
    at C:\Users\tanya\OneDrive\Desktop\BackendProject\fundo-project\node_modules\mongoose\lib\document.js:2580:17
    at C:\Users\tanya\OneDrive\Desktop\BackendProject\fundo-project\node_modules\mongoose\lib\schematype.js:1273:9
    at processTicksAndRejections (node:internal/process/task_queues:77:11) {"date":"Mon Feb 10 2025 15:11:30 GMT+0530 (India Standard Time)","error":{"_message":"User validation failed","errors":{"phonenumber":{"kind":"required","message":"Path `phonenumber` is required.","name":"ValidatorError","path":"phonenumber","properties":{"message":"Path `phonenumber` is required.","path":"phonenumber","type":"required"}}},"message":"User validation failed: phonenumber: Path `phonenumber` is required.","name":"ValidationError"},"exception":true,"os":{"loadavg":[0,0,0],"uptime":318357.171},"process":{"argv":["node","C:\\Users\\tanya\\OneDrive\\Desktop\\BackendProject\\fundo-project\\src\\index.js"],"cwd":"C:\\Users\\tanya\\OneDrive\\Desktop\\BackendProject\\fundo-project","execPath":"C:\\Program Files\\nodejs\\node.exe","gid":null,"memoryUsage":{"arrayBuffers":18270646,"external":21247730,"heapTotal":45383680,"heapUsed":43873624,"rss":84787200},"pid":17480,"uid":null,"version":"v20.13.1"},"stack":"ValidationError: User validation failed: phonenumber: Path `phonenumber` is required.\n    at model.Document.invalidate (C:\\Users\\tanya\\OneDrive\\Desktop\\BackendProject\\fundo-project\\node_modules\\mongoose\\lib\\document.js:2788:32)\n    at C:\\Users\\tanya\\OneDrive\\Desktop\\BackendProject\\fundo-project\\node_modules\\mongoose\\lib\\document.js:2580:17\n    at C:\\Users\\tanya\\OneDrive\\Desktop\\BackendProject\\fundo-project\\node_modules\\mongoose\\lib\\schematype.js:1273:9\n    at processTicksAndRejections (node:internal/process/task_queues:77:11)","trace":[{"column":32,"file":"C:\\Users\\tanya\\OneDrive\\Desktop\\BackendProject\\fundo-project\\node_modules\\mongoose\\lib\\document.js","function":"model.Document.invalidate","line":2788,"method":"invalidate","native":false},{"column":17,"file":"C:\\Users\\tanya\\OneDrive\\Desktop\\BackendProject\\fundo-project\\node_modules\\mongoose\\lib\\document.js","function":null,"line":2580,"method":null,"native":false},{"column":9,"file":"C:\\Users\\tanya\\OneDrive\\Desktop\\BackendProject\\fundo-project\\node_modules\\mongoose\\lib\\schematype.js","function":null,"line":1273,"method":null,"native":false},{"column":11,"file":"node:internal/process/task_queues","function":"processTicksAndRejections","line":77,"method":null,"native":false}]}
info: ::1 - - [10/Feb/2025:09:44:35 +0000] "POST /api/v1/users HTTP/1.1" 201 72 "-" "PostmanRuntime/7.43.0"

info: ::1 - - [10/Feb/2025:09:47:26 +0000] "POST /api/v1/users HTTP/1.1" 201 97 "-" "PostmanRuntime/7.43.0"

info: ::1 - - [10/Feb/2025:09:48:04 +0000] "POST /api/v1/users HTTP/1.1" 500 67 "-" "PostmanRuntime/7.43.0"

info: ::1 - - [10/Feb/2025:09:48:14 +0000] "POST /api/v1/users HTTP/1.1" 201 262 "-" "PostmanRuntime/7.43.0"

info: ::1 - - [11/Feb/2025:04:40:27 +0000] "POST /api/v1/users HTTP/1.1" 500 87 "-" "PostmanRuntime/7.43.0"

info: ::1 - - [11/Feb/2025:04:40:43 +0000] "POST /api/v1/users HTTP/1.1" 201 259 "-" "PostmanRuntime/7.43.0"

info: ::1 - - [11/Feb/2025:04:41:16 +0000] "GET /api/v1/users HTTP/1.1" 404 47 "-" "PostmanRuntime/7.43.0"

info: ::1 - - [11/Feb/2025:04:43:09 +0000] "GET /api/v1/users HTTP/1.1" 404 47 "-" "PostmanRuntime/7.43.0"

info: ::1 - - [11/Feb/2025:04:43:16 +0000] "POST /api/v1/users HTTP/1.1" 201 82 "-" "PostmanRuntime/7.43.0"

info: ::1 - - [11/Feb/2025:04:44:12 +0000] "POST /api/users HTTP/1.1" 404 47 "-" "PostmanRuntime/7.43.0"

info: ::1 - - [11/Feb/2025:04:45:14 +0000] "POST /api/v1/users HTTP/1.1" 500 78 "-" "PostmanRuntime/7.43.0"

info: ::1 - - [11/Feb/2025:04:45:25 +0000] "POST /api/v1/users HTTP/1.1" 201 82 "-" "PostmanRuntime/7.43.0"

info: ::1 - - [11/Feb/2025:04:47:21 +0000] "POST /api/v1/users HTTP/1.1" 201 82 "-" "PostmanRuntime/7.43.0"

info: ::1 - - [11/Feb/2025:04:47:34 +0000] "GET /api/v1/users HTTP/1.1" 404 47 "-" "PostmanRuntime/7.43.0"

info: ::1 - - [11/Feb/2025:04:49:09 +0000] "GET /api/v1/users HTTP/1.1" 404 47 "-" "PostmanRuntime/7.43.0"

info: ::1 - - [11/Feb/2025:04:51:08 +0000] "GET /api/v1/users HTTP/1.1" 404 47 "-" "PostmanRuntime/7.43.0"

info: ::1 - - [11/Feb/2025:04:51:11 +0000] "GET /api/v1/users HTTP/1.1" 404 47 "-" "PostmanRuntime/7.43.0"

info: ::1 - - [11/Feb/2025:05:06:43 +0000] "POST /api/v1/users HTTP/1.1" 201 261 "-" "PostmanRuntime/7.43.0"

info: ::1 - - [11/Feb/2025:05:39:25 +0000] "GET /api/v1/users HTTP/1.1" 200 997 "-" "PostmanRuntime/7.43.0"

info: ::1 - - [11/Feb/2025:06:27:59 +0000] "POST /api/v1/users HTTP/1.1" 201 81 "-" "PostmanRuntime/7.43.0"

error: uncaughtException: listen EADDRINUSE: address already in use :::3000
Error: listen EADDRINUSE: address already in use :::3000
    at Server.setupListenHandle [as _listen2] (node:net:1898:16)
    at listenInCluster (node:net:1946:12)
    at Server.listen (node:net:2044:7)
    at Function.listen (C:\Users\tanya\OneDrive\Desktop\BackendProject\fundo-project\node_modules\express\lib\application.js:635:24)
    at Object.<anonymous> (C:\Users\tanya\OneDrive\Desktop\BackendProject\fundo-project\src\/index.js:37:5)
    at Module._compile (node:internal/modules/cjs/loader:1358:14)
    at Module._compile (C:\Users\tanya\OneDrive\Desktop\BackendProject\fundo-project\node_modules\pirates\lib\index.js:117:24)
    at Module._extensions..js (node:internal/modules/cjs/loader:1416:10)
    at Object.newLoader [as .js] (C:\Users\tanya\OneDrive\Desktop\BackendProject\fundo-project\node_modules\pirates\lib\index.js:121:7)
    at Module.load (node:internal/modules/cjs/loader:1208:32)
    at Function.Module._load (node:internal/modules/cjs/loader:1024:12)
    at Function.runMain (node:internal/modules/run_main:174:12)
    at Object.<anonymous> (C:\Users\tanya\OneDrive\Desktop\BackendProject\fundo-project\node_modules\@babel\node\src\_babel-node.ts:159:12)
    at Module._compile (node:internal/modules/cjs/loader:1358:14)
    at Object.Module._extensions..js (node:internal/modules/cjs/loader:1416:10)
    at Module.load (node:internal/modules/cjs/loader:1208:32)
    at Function.Module._load (node:internal/modules/cjs/loader:1024:12)
    at Function.executeUserEntryPoint [as runMain] (node:internal/modules/run_main:174:12)
    at node:internal/main/run_main_module:28:49 {"date":"Tue Feb 11 2025 13:22:27 GMT+0530 (India Standard Time)","error":{"address":"::","code":"EADDRINUSE","errno":-4091,"port":3000,"syscall":"listen"},"exception":true,"os":{"loadavg":[0,0,0],"uptime":398213.953},"process":{"argv":["node","C:\\Users\\tanya\\OneDrive\\Desktop\\BackendProject\\fundo-project\\src\\index.js"],"cwd":"C:\\Users\\tanya\\OneDrive\\Desktop\\BackendProject\\fundo-project","execPath":"C:\\Program Files\\nodejs\\node.exe","gid":null,"memoryUsage":{"arrayBuffers":18276410,"external":21294800,"heapTotal":83001344,"heapUsed":44950136,"rss":124141568},"pid":10468,"uid":null,"version":"v20.13.1"},"stack":"Error: listen EADDRINUSE: address already in use :::3000\n    at Server.setupListenHandle [as _listen2] (node:net:1898:16)\n    at listenInCluster (node:net:1946:12)\n    at Server.listen (node:net:2044:7)\n    at Function.listen (C:\\Users\\tanya\\OneDrive\\Desktop\\BackendProject\\fundo-project\\node_modules\\express\\lib\\application.js:635:24)\n    at Object.<anonymous> (C:\\Users\\tanya\\OneDrive\\Desktop\\BackendProject\\fundo-project\\src\\/index.js:37:5)\n    at Module._compile (node:internal/modules/cjs/loader:1358:14)\n    at Module._compile (C:\\Users\\tanya\\OneDrive\\Desktop\\BackendProject\\fundo-project\\node_modules\\pirates\\lib\\index.js:117:24)\n    at Module._extensions..js (node:internal/modules/cjs/loader:1416:10)\n    at Object.newLoader [as .js] (C:\\Users\\tanya\\OneDrive\\Desktop\\BackendProject\\fundo-project\\node_modules\\pirates\\lib\\index.js:121:7)\n    at Module.load (node:internal/modules/cjs/loader:1208:32)\n    at Function.Module._load (node:internal/modules/cjs/loader:1024:12)\n    at Function.runMain (node:internal/modules/run_main:174:12)\n    at Object.<anonymous> (C:\\Users\\tanya\\OneDrive\\Desktop\\BackendProject\\fundo-project\\node_modules\\@babel\\node\\src\\_babel-node.ts:159:12)\n    at Module._compile (node:internal/modules/cjs/loader:1358:14)\n    at Object.Module._extensions..js (node:internal/modules/cjs/loader:1416:10)\n    at Module.load (node:internal/modules/cjs/loader:1208:32)\n    at Function.Module._load (node:internal/modules/cjs/loader:1024:12)\n    at Function.executeUserEntryPoint [as runMain] (node:internal/modules/run_main:174:12)\n    at node:internal/main/run_main_module:28:49","trace":[{"column":16,"file":"node:net","function":"Server.setupListenHandle [as _listen2]","line":1898,"method":"setupListenHandle [as _listen2]","native":false},{"column":12,"file":"node:net","function":"listenInCluster","line":1946,"method":null,"native":false},{"column":7,"file":"node:net","function":"Server.listen","line":2044,"method":"listen","native":false},{"column":24,"file":"C:\\Users\\tanya\\OneDrive\\Desktop\\BackendProject\\fundo-project\\node_modules\\express\\lib\\application.js","function":"Function.listen","line":635,"method":"listen","native":false},{"column":5,"file":"C:\\Users\\tanya\\OneDrive\\Desktop\\BackendProject\\fundo-project\\src\\/index.js","function":null,"line":37,"method":null,"native":false},{"column":14,"file":"node:internal/modules/cjs/loader","function":"Module._compile","line":1358,"method":"_compile","native":false},{"column":24,"file":"C:\\Users\\tanya\\OneDrive\\Desktop\\BackendProject\\fundo-project\\node_modules\\pirates\\lib\\index.js","function":"Module._compile","line":117,"method":"_compile","native":false},{"column":10,"file":"node:internal/modules/cjs/loader","function":"Module._extensions..js","line":1416,"method":".js","native":false},{"column":7,"file":"C:\\Users\\tanya\\OneDrive\\Desktop\\BackendProject\\fundo-project\\node_modules\\pirates\\lib\\index.js","function":"Object.newLoader [as .js]","line":121,"method":"js]","native":false},{"column":32,"file":"node:internal/modules/cjs/loader","function":"Module.load","line":1208,"method":"load","native":false},{"column":12,"file":"node:internal/modules/cjs/loader","function":"Module._load","line":1024,"method":"_load","native":false},{"column":12,"file":"node:internal/modules/run_main","function":"Function.runMain","line":174,"method":"runMain","native":false},{"column":12,"file":"C:\\Users\\tanya\\OneDrive\\Desktop\\BackendProject\\fundo-project\\node_modules\\@babel\\node\\src\\_babel-node.ts","function":null,"line":159,"method":null,"native":false},{"column":14,"file":"node:internal/modules/cjs/loader","function":"Module._compile","line":1358,"method":"_compile","native":false},{"column":10,"file":"node:internal/modules/cjs/loader","function":"Module._extensions..js","line":1416,"method":".js","native":false},{"column":32,"file":"node:internal/modules/cjs/loader","function":"Module.load","line":1208,"method":"load","native":false},{"column":12,"file":"node:internal/modules/cjs/loader","function":"Module._load","line":1024,"method":"_load","native":false},{"column":12,"file":"node:internal/modules/run_main","function":"Function.executeUserEntryPoint [as runMain]","line":174,"method":"executeUserEntryPoint [as runMain]","native":false},{"column":49,"file":"node:internal/main/run_main_module","function":null,"line":28,"method":null,"native":false}]}
info: ::1 - - [11/Feb/2025:07:55:53 +0000] "POST /api/v1/users HTTP/1.1" 201 84 "-" "PostmanRuntime/7.43.0"

info: ::1 - - [11/Feb/2025:07:56:13 +0000] "POST /api/v1/users HTTP/1.1" 201 84 "-" "PostmanRuntime/7.43.0"

info: ::1 - - [11/Feb/2025:08:39:04 +0000] "POST /api/v1/users HTTP/1.1" 201 84 "-" "PostmanRuntime/7.43.0"

info: ::1 - - [11/Feb/2025:08:44:52 +0000] "POST /api/v1/users HTTP/1.1" 201 129 "-" "PostmanRuntime/7.43.0"

info: ::1 - - [11/Feb/2025:08:45:35 +0000] "POST /api/v1/users HTTP/1.1" 201 312 "-" "PostmanRuntime/7.43.0"

info: ::1 - - [11/Feb/2025:08:46:51 +0000] "POST /api/v1/users/login HTTP/1.1" 200 350 "-" "PostmanRuntime/7.43.0"

info: ::1 - - [11/Feb/2025:08:52:04 +0000] "POST /api/v1/users/login HTTP/1.1" 200 350 "-" "PostmanRuntime/7.43.0"

